********************************************************************************
product = Open Liberty 20.0.0.3 (wlp-1.0.38.cl200320200305-1433)
wlp.install.dir = /Users/dennismila/Desktop/backend-openliberty-demo/target/liberty/wlp/
java.home = /usr/local/Cellar/openjdk/13.0.2+8_2/libexec/openjdk.jdk/Contents/Home
java.version = 13.0.2
java.runtime = OpenJDK Runtime Environment (13.0.2+8)
os = Mac OS X (10.15.3; x86_64) (en_US)
process = 28332@denniss-mbp
********************************************************************************
[3/16/20, 14:27:39:619 EDT] 00000001 com.ibm.ws.kernel.launch.internal.FrameworkManager           A CWWKE0001I: The server defaultServer has been launched.
[3/16/20, 14:27:40:158 EDT] 00000018 com.ibm.ws.config.xml.internal.ServerXMLConfiguration        A CWWKG0093A: Processing configuration drop-ins resource: /Users/dennismila/Desktop/backend-openliberty-demo/target/liberty/wlp/usr/servers/defaultServer/configDropins/overrides/liberty-plugin-variable-config.xml
[3/16/20, 14:27:40:365 EDT] 00000001 com.ibm.ws.kernel.launch.internal.FrameworkManager           I CWWKE0002I: The kernel started after 1.003 seconds
[3/16/20, 14:27:40:378 EDT] 00000023 com.ibm.ws.kernel.feature.internal.FeatureManager            I CWWKF0007I: Feature update started.
[3/16/20, 14:27:40:501 EDT] 0000001a .apache.cxf.cxf.core.3.2:1.0.38.cl200320200305-1433(id=132)] I Aries Blueprint packages not available. So namespaces will not be registered
[3/16/20, 14:27:40:503 EDT] 0000001a .apache.cxf.cxf.core.3.2:1.0.38.cl200320200305-1433(id=132)] I Aries Blueprint packages not available. So namespaces will not be registered
[3/16/20, 14:27:40:594 EDT] 0000001b com.ibm.ws.app.manager.internal.monitor.DropinMonitor        A CWWKZ0058I: Monitoring dropins for applications.
[3/16/20, 14:27:40:670 EDT] 00000018 com.ibm.ws.annocache.service                                 I OSGi Work Path [ /Users/dennismila/Desktop/backend-openliberty-demo/target/liberty/wlp/usr/servers/defaultServer/workarea/org.eclipse.osgi/41/data ]
[3/16/20, 14:27:41:153 EDT] 0000002c com.ibm.ws.app.manager.AppMessageHelper                      I CWWKZ0018I: Starting application voidbackend.
[3/16/20, 14:27:41:154 EDT] 0000002c bm.ws.app.manager.war.internal.WARDeployedAppInfoFactoryImpl I CWWKZ0134I: The voidbackend application is using the loose application definition at the /Users/dennismila/Desktop/backend-openliberty-demo/target/liberty/wlp/usr/servers/defaultServer/apps/voidbackend.war.xml location.
[3/16/20, 14:27:41:562 EDT] 0000002c com.ibm.ws.session.WASSessionCore                            I SESN8501I: The session manager did not find a persistent storage location; HttpSession objects will be stored in the local application server's memory.
[3/16/20, 14:27:41:592 EDT] 0000002c org.jboss.weld.Version                                       I WELD-000900: 3.1.1 (Final)
[3/16/20, 14:27:42:355 EDT] 0000002c com.ibm.ws.webcontainer.osgi.webapp.WebGroup                 I SRVE0169I: Loading Web Module: Liberty Project.
[3/16/20, 14:27:42:357 EDT] 0000002c com.ibm.ws.webcontainer                                      I SRVE0250I: Web Module Liberty Project has been bound to default_host.
[3/16/20, 14:27:42:358 EDT] 0000002c com.ibm.ws.http.internal.VirtualHostImpl                     A CWWKT0016I: Web application available (default_host): http://denniss-mbp:9080/
[3/16/20, 14:27:42:363 EDT] 0000002c com.ibm.ws.app.manager.AppMessageHelper                      A CWWKZ0001I: Application voidbackend started in 1.210 seconds.
[3/16/20, 14:27:42:385 EDT] 0000003c com.ibm.ws.session.WASSessionCore                            I SESN0176I: A new session context will be created for application key default_host/
[3/16/20, 14:27:42:395 EDT] 0000003c com.ibm.ws.util                                              I SESN0172I: The session manager is using the Java default SecureRandom implementation for session ID generation.
[3/16/20, 14:27:42:394 EDT] 00000023 com.ibm.ws.tcpchannel.internal.TCPPort                       I CWWKO0219I: TCP Channel defaultHttpEndpoint has been started and is now listening for requests on host *  (IPv6) port 9080.
[3/16/20, 14:27:42:402 EDT] 00000023 com.ibm.ws.kernel.feature.internal.FeatureManager            A CWWKF0012I: The server installed the following features: [cdi-2.0, jaxrs-2.1, jaxrsClient-2.1, jndi-1.0, jsonp-1.1, mpConfig-1.3, mpRestClient-1.3, servlet-4.0].
[3/16/20, 14:27:42:403 EDT] 00000023 com.ibm.ws.kernel.feature.internal.FeatureManager            I CWWKF0008I: Feature update completed in 2.038 seconds.
[3/16/20, 14:27:42:403 EDT] 00000023 com.ibm.ws.kernel.feature.internal.FeatureManager            A CWWKF0011I: The defaultServer server is ready to run a smarter planet. The defaultServer server started in 3.047 seconds.
[3/16/20, 14:27:42:424 EDT] 00000035 com.ibm.ws.webcontainer.osgi.mbeans.PluginGenerator          I SRVE9103I: A configuration file for a web server plugin was automatically generated for this server at /Users/dennismila/Desktop/backend-openliberty-demo/target/liberty/wlp/usr/servers/defaultServer/logs/state/plugin-cfg.xml.
[3/16/20, 14:27:51:276 EDT] 0000002b com.ibm.ws.http.internal.VirtualHostImpl                     A CWWKT0017I: Web application removed (default_host): http://denniss-mbp:9080/
[3/16/20, 14:27:51:322 EDT] 0000002b com.ibm.ws.app.manager.AppMessageHelper                      A CWWKZ0009I: The application voidbackend has stopped successfully.
[3/16/20, 14:27:51:331 EDT] 0000002b com.ibm.ws.app.manager.AppMessageHelper                      I CWWKZ0018I: Starting application voidbackend.
[3/16/20, 14:27:51:332 EDT] 0000002b bm.ws.app.manager.war.internal.WARDeployedAppInfoFactoryImpl I CWWKZ0134I: The voidbackend application is using the loose application definition at the /Users/dennismila/Desktop/backend-openliberty-demo/target/liberty/wlp/usr/servers/defaultServer/apps/voidbackend.war.xml location.
[3/16/20, 14:27:51:646 EDT] 00000039 com.ibm.ws.webcontainer.osgi.mbeans.PluginGenerator          I SRVE9103I: A configuration file for a web server plugin was automatically generated for this server at /Users/dennismila/Desktop/backend-openliberty-demo/target/liberty/wlp/usr/servers/defaultServer/logs/state/plugin-cfg.xml.
[3/16/20, 14:27:51:682 EDT] 0000002b com.ibm.ws.webcontainer.osgi.webapp.WebGroup                 I SRVE0169I: Loading Web Module: Liberty Project.
[3/16/20, 14:27:51:682 EDT] 0000002b com.ibm.ws.webcontainer                                      I SRVE0250I: Web Module Liberty Project has been bound to default_host.
[3/16/20, 14:27:51:682 EDT] 0000002b com.ibm.ws.http.internal.VirtualHostImpl                     A CWWKT0016I: Web application available (default_host): http://denniss-mbp:9080/
[3/16/20, 14:27:51:686 EDT] 0000002b com.ibm.ws.app.manager.AppMessageHelper                      A CWWKZ0003I: The application voidbackend updated in 0.355 seconds.
[3/16/20, 14:27:51:686 EDT] 00000031 com.ibm.ws.session.WASSessionCore                            I SESN0176I: A new session context will be created for application key default_host/
[3/16/20, 14:27:51:688 EDT] 00000031 com.ibm.ws.util                                              I SESN0172I: The session manager is using the Java default SecureRandom implementation for session ID generation.
[3/16/20, 14:27:51:721 EDT] 0000003d com.ibm.ws.webcontainer.osgi.mbeans.PluginGenerator          I SRVE9103I: A configuration file for a web server plugin was automatically generated for this server at /Users/dennismila/Desktop/backend-openliberty-demo/target/liberty/wlp/usr/servers/defaultServer/logs/state/plugin-cfg.xml.
[3/16/20, 14:28:50:332 EDT] 00000035 .apache.cxf.cxf.core.3.2:1.0.38.cl200320200305-1433(id=132)] I Setting the server's publish address to be /app/
[3/16/20, 14:28:50:414 EDT] 00000035 com.ibm.ws.webcontainer.servlet                              I SRVE0242I: [voidbackend] [/] [io.openliberty.guides.application.MainApplication]: Initialization successful.
[3/16/20, 14:29:19:528 EDT] 00000014 com.ibm.ws.kernel.launch.internal.FrameworkManager           A CWWKE0085I: The server defaultServer is stopping because the JVM is exiting.
[3/16/20, 14:29:19:530 EDT] 00000066 com.ibm.ws.runtime.update.internal.RuntimeUpdateManagerImpl  A CWWKE1100I: Waiting for up to 30 seconds for the server to quiesce.
[3/16/20, 14:29:19:544 EDT] 00000063 com.ibm.ws.tcpchannel.internal.TCPChannel                    I CWWKO0220I: TCP Channel defaultHttpEndpoint has stopped listening for requests on host *  (IPv6) port 9080.
[3/16/20, 14:29:19:547 EDT] 00000063 com.ibm.ws.http.internal.VirtualHostImpl                     A CWWKT0017I: Web application removed (default_host): http://denniss-mbp:9080/
[3/16/20, 14:29:19:845 EDT] 00000015 com.ibm.ws.kernel.launch.internal.ServerCommandListener      A CWWKE0055I: Server shutdown requested on Monday, March 16, 2020 at 2:29 PM. The server defaultServer is shutting down.
[3/16/20, 14:29:20:555 EDT] 00000066 com.ibm.ws.runtime.update.internal.RuntimeUpdateManagerImpl  I CWWKE1101I: Server quiesce complete.
[3/16/20, 14:29:20:585 EDT] 00000024 com.ibm.ws.app.manager.AppMessageHelper                      A CWWKZ0009I: The application voidbackend has stopped successfully.
[3/16/20, 14:29:21:090 EDT] 00000001 com.ibm.ws.kernel.launch.internal.FrameworkManager           A CWWKE0036I: The server defaultServer stopped after 1 minutes, 41.733 seconds.
