********************************************************************************
product = Open Liberty 20.0.0.3 (wlp-1.0.38.cl200320200305-1433)
wlp.install.dir = /Users/dennismila/Desktop/backend-openliberty-demo/target/liberty/wlp/
java.home = /usr/local/Cellar/openjdk/13.0.2+8_2/libexec/openjdk.jdk/Contents/Home
java.version = 13.0.2
java.runtime = OpenJDK Runtime Environment (13.0.2+8)
os = Mac OS X (10.15.3; x86_64) (en_US)
process = 15437@denniss-mbp
********************************************************************************
[3/20/20, 11:28:42:117 EDT] 00000001 com.ibm.ws.kernel.launch.internal.FrameworkManager           A CWWKE0001I: The server defaultServer has been launched.
[3/20/20, 11:28:42:551 EDT] 00000018 com.ibm.ws.config.xml.internal.ServerXMLConfiguration        A CWWKG0093A: Processing configuration drop-ins resource: /Users/dennismila/Desktop/backend-openliberty-demo/target/liberty/wlp/usr/servers/defaultServer/configDropins/overrides/liberty-plugin-variable-config.xml
[3/20/20, 11:28:42:712 EDT] 00000001 com.ibm.ws.kernel.launch.internal.FrameworkManager           I CWWKE0002I: The kernel started after 0.813 seconds
[3/20/20, 11:28:42:724 EDT] 00000023 com.ibm.ws.kernel.feature.internal.FeatureManager            I CWWKF0007I: Feature update started.
[3/20/20, 11:28:42:840 EDT] 0000001b .apache.cxf.cxf.core.3.2:1.0.38.cl200320200305-1433(id=132)] I Aries Blueprint packages not available. So namespaces will not be registered
[3/20/20, 11:28:42:842 EDT] 0000001b .apache.cxf.cxf.core.3.2:1.0.38.cl200320200305-1433(id=132)] I Aries Blueprint packages not available. So namespaces will not be registered
[3/20/20, 11:28:42:932 EDT] 00000019 com.ibm.ws.app.manager.internal.monitor.DropinMonitor        A CWWKZ0058I: Monitoring dropins for applications.
[3/20/20, 11:28:43:043 EDT] 00000018 com.ibm.ws.annocache.service                                 I OSGi Work Path [ /Users/dennismila/Desktop/backend-openliberty-demo/target/liberty/wlp/usr/servers/defaultServer/workarea/org.eclipse.osgi/41/data ]
[3/20/20, 11:28:43:426 EDT] 0000002b com.ibm.ws.app.manager.AppMessageHelper                      I CWWKZ0018I: Starting application voidbackend.
[3/20/20, 11:28:43:426 EDT] 0000002b bm.ws.app.manager.war.internal.WARDeployedAppInfoFactoryImpl I CWWKZ0134I: The voidbackend application is using the loose application definition at the /Users/dennismila/Desktop/backend-openliberty-demo/target/liberty/wlp/usr/servers/defaultServer/apps/voidbackend.war.xml location.
[3/20/20, 11:28:43:872 EDT] 0000002b com.ibm.ws.session.WASSessionCore                            I SESN8501I: The session manager did not find a persistent storage location; HttpSession objects will be stored in the local application server's memory.
[3/20/20, 11:28:43:898 EDT] 0000002b org.jboss.weld.Version                                       I WELD-000900: 3.1.1 (Final)
[3/20/20, 11:28:44:699 EDT] 0000002b com.ibm.ws.webcontainer.osgi.webapp.WebGroup                 I SRVE0169I: Loading Web Module: Liberty Project.
[3/20/20, 11:28:44:701 EDT] 0000002b com.ibm.ws.webcontainer                                      I SRVE0250I: Web Module Liberty Project has been bound to default_host.
[3/20/20, 11:28:44:703 EDT] 0000002b com.ibm.ws.http.internal.VirtualHostImpl                     A CWWKT0016I: Web application available (default_host): http://denniss-mbp:9080/
[3/20/20, 11:28:44:707 EDT] 0000002b com.ibm.ws.app.manager.AppMessageHelper                      A CWWKZ0001I: Application voidbackend started in 1.282 seconds.
[3/20/20, 11:28:44:724 EDT] 0000003c com.ibm.ws.session.WASSessionCore                            I SESN0176I: A new session context will be created for application key default_host/
[3/20/20, 11:28:44:747 EDT] 00000023 com.ibm.ws.tcpchannel.internal.TCPPort                       I CWWKO0219I: TCP Channel defaultHttpEndpoint has been started and is now listening for requests on host *  (IPv6) port 9080.
[3/20/20, 11:28:44:753 EDT] 0000003c com.ibm.ws.util                                              I SESN0172I: The session manager is using the Java default SecureRandom implementation for session ID generation.
[3/20/20, 11:28:44:755 EDT] 00000023 com.ibm.ws.kernel.feature.internal.FeatureManager            A CWWKF0012I: The server installed the following features: [cdi-2.0, jaxrs-2.1, jaxrsClient-2.1, jndi-1.0, jsonp-1.1, mpConfig-1.3, mpRestClient-1.3, servlet-4.0].
[3/20/20, 11:28:44:755 EDT] 00000023 com.ibm.ws.kernel.feature.internal.FeatureManager            I CWWKF0008I: Feature update completed in 2.043 seconds.
[3/20/20, 11:28:44:756 EDT] 00000023 com.ibm.ws.kernel.feature.internal.FeatureManager            A CWWKF0011I: The defaultServer server is ready to run a smarter planet. The defaultServer server started in 2.858 seconds.
[3/20/20, 11:28:44:781 EDT] 00000035 com.ibm.ws.webcontainer.osgi.mbeans.PluginGenerator          I SRVE9103I: A configuration file for a web server plugin was automatically generated for this server at /Users/dennismila/Desktop/backend-openliberty-demo/target/liberty/wlp/usr/servers/defaultServer/logs/state/plugin-cfg.xml.
[3/20/20, 11:28:54:584 EDT] 00000029 com.ibm.ws.http.internal.VirtualHostImpl                     A CWWKT0017I: Web application removed (default_host): http://denniss-mbp:9080/
[3/20/20, 11:28:54:634 EDT] 00000029 com.ibm.ws.app.manager.AppMessageHelper                      A CWWKZ0009I: The application voidbackend has stopped successfully.
[3/20/20, 11:28:54:644 EDT] 00000029 com.ibm.ws.app.manager.AppMessageHelper                      I CWWKZ0018I: Starting application voidbackend.
[3/20/20, 11:28:54:644 EDT] 00000029 bm.ws.app.manager.war.internal.WARDeployedAppInfoFactoryImpl I CWWKZ0134I: The voidbackend application is using the loose application definition at the /Users/dennismila/Desktop/backend-openliberty-demo/target/liberty/wlp/usr/servers/defaultServer/apps/voidbackend.war.xml location.
[3/20/20, 11:28:54:942 EDT] 00000035 com.ibm.ws.webcontainer.osgi.mbeans.PluginGenerator          I SRVE9103I: A configuration file for a web server plugin was automatically generated for this server at /Users/dennismila/Desktop/backend-openliberty-demo/target/liberty/wlp/usr/servers/defaultServer/logs/state/plugin-cfg.xml.
[3/20/20, 11:28:55:189 EDT] 00000029 com.ibm.ws.webcontainer.osgi.webapp.WebGroup                 I SRVE0169I: Loading Web Module: Liberty Project.
[3/20/20, 11:28:55:189 EDT] 00000029 com.ibm.ws.webcontainer                                      I SRVE0250I: Web Module Liberty Project has been bound to default_host.
[3/20/20, 11:28:55:189 EDT] 00000029 com.ibm.ws.http.internal.VirtualHostImpl                     A CWWKT0016I: Web application available (default_host): http://denniss-mbp:9080/
[3/20/20, 11:28:55:192 EDT] 00000037 com.ibm.ws.session.WASSessionCore                            I SESN0176I: A new session context will be created for application key default_host/
[3/20/20, 11:28:55:192 EDT] 00000029 com.ibm.ws.app.manager.AppMessageHelper                      A CWWKZ0003I: The application voidbackend updated in 0.548 seconds.
[3/20/20, 11:28:55:193 EDT] 00000037 com.ibm.ws.util                                              I SESN0172I: The session manager is using the Java default SecureRandom implementation for session ID generation.
[3/20/20, 11:28:55:217 EDT] 0000003f com.ibm.ws.webcontainer.osgi.mbeans.PluginGenerator          I SRVE9103I: A configuration file for a web server plugin was automatically generated for this server at /Users/dennismila/Desktop/backend-openliberty-demo/target/liberty/wlp/usr/servers/defaultServer/logs/state/plugin-cfg.xml.
[3/20/20, 11:29:10:711 EDT] 00000040 .apache.cxf.cxf.core.3.2:1.0.38.cl200320200305-1433(id=132)] I Setting the server's publish address to be /
[3/20/20, 11:29:10:838 EDT] 00000040 com.ibm.ws.webcontainer.servlet                              I SRVE0242I: [voidbackend] [/] [io.openliberty.guides.application.MainApplication]: Initialization successful.
[3/20/20, 11:29:11:182 EDT] 00000040 SystemOut                                                    O Logging into user: username12345 UserResource [100]
[3/20/20, 11:29:11:844 EDT] 00000040 org.mongodb.driver.cluster                                   I Cluster created with settings {hosts=[localhost:8081], mode=SINGLE, requiredClusterType=UNKNOWN, serverSelectionTimeout='30000 ms', maxWaitQueueSize=500}
[3/20/20, 11:29:12:103 EDT] 00000040 org.mongodb.driver.cluster                                   I Cluster created with settings {hosts=[localhost:8081], mode=SINGLE, requiredClusterType=UNKNOWN, serverSelectionTimeout='30000 ms', maxWaitQueueSize=500}
[3/20/20, 11:29:12:192 EDT] 00000040 SystemOut                                                    O Finished logging in user ... UserResource [109]
[3/20/20, 11:29:12:242 EDT] 00000066 org.mongodb.driver.connection                                I Opened connection [connectionId{localValue:1, serverValue:21}] to localhost:8081
[3/20/20, 11:29:12:242 EDT] 00000067 org.mongodb.driver.connection                                I Opened connection [connectionId{localValue:2, serverValue:22}] to localhost:8081
[3/20/20, 11:29:12:269 EDT] 00000067 org.mongodb.driver.cluster                                   I Monitor thread successfully connected to server with description ServerDescription{address=localhost:8081, type=STANDALONE, state=CONNECTED, ok=true, version=ServerVersion{versionList=[3, 6, 17]}, minWireVersion=0, maxWireVersion=6, maxDocumentSize=16777216, logicalSessionTimeoutMinutes=30, roundTripTimeNanos=19385918}
[3/20/20, 11:29:12:269 EDT] 00000066 org.mongodb.driver.cluster                                   I Monitor thread successfully connected to server with description ServerDescription{address=localhost:8081, type=STANDALONE, state=CONNECTED, ok=true, version=ServerVersion{versionList=[3, 6, 17]}, minWireVersion=0, maxWireVersion=6, maxDocumentSize=16777216, logicalSessionTimeoutMinutes=30, roundTripTimeNanos=19521647}
[3/20/20, 11:29:17:838 EDT] 0000005e SystemOut                                                    O Creating Article ... ArticleResource [50]
[3/20/20, 11:29:18:127 EDT] 0000005e org.mongodb.driver.connection                                I Opened connection [connectionId{localValue:3, serverValue:23}] to localhost:8081
[3/20/20, 11:29:18:172 EDT] 0000005e SystemOut                                                    O Finished creating article ... ArticleResource [51]
[3/20/20, 11:29:21:658 EDT] 0000005b SystemOut                                                    O Getting all articles ... ArticleResource [93]
[3/20/20, 11:29:21:864 EDT] 0000005b SystemOut                                                    O Finished getting all articles ... ArticleResource [103]
[3/20/20, 11:30:24:796 EDT] 00000029 com.ibm.ws.http.internal.VirtualHostImpl                     A CWWKT0017I: Web application removed (default_host): http://denniss-mbp:9080/
[3/20/20, 11:30:24:859 EDT] 00000029 com.ibm.ws.webcontainer.servlet                              I SRVE0253I: [voidbackend] [/] [io.openliberty.guides.application.MainApplication]: Destroy successful.
[3/20/20, 11:30:24:870 EDT] 00000029 com.ibm.ws.app.manager.AppMessageHelper                      A CWWKZ0009I: The application voidbackend has stopped successfully.
[3/20/20, 11:30:24:881 EDT] 00000029 com.ibm.ws.app.manager.AppMessageHelper                      I CWWKZ0018I: Starting application voidbackend.
[3/20/20, 11:30:24:881 EDT] 00000029 bm.ws.app.manager.war.internal.WARDeployedAppInfoFactoryImpl I CWWKZ0134I: The voidbackend application is using the loose application definition at the /Users/dennismila/Desktop/backend-openliberty-demo/target/liberty/wlp/usr/servers/defaultServer/apps/voidbackend.war.xml location.
[3/20/20, 11:30:24:915 EDT] 00000037 com.ibm.ws.webcontainer.osgi.mbeans.PluginGenerator          I SRVE9103I: A configuration file for a web server plugin was automatically generated for this server at /Users/dennismila/Desktop/backend-openliberty-demo/target/liberty/wlp/usr/servers/defaultServer/logs/state/plugin-cfg.xml.
[3/20/20, 11:30:25:928 EDT] 00000029 com.ibm.ws.webcontainer.osgi.webapp.WebGroup                 I SRVE0169I: Loading Web Module: Liberty Project.
[3/20/20, 11:30:25:928 EDT] 00000029 com.ibm.ws.webcontainer                                      I SRVE0250I: Web Module Liberty Project has been bound to default_host.
[3/20/20, 11:30:25:928 EDT] 00000029 com.ibm.ws.http.internal.VirtualHostImpl                     A CWWKT0016I: Web application available (default_host): http://denniss-mbp:9080/
[3/20/20, 11:30:25:930 EDT] 00000029 com.ibm.ws.app.manager.AppMessageHelper                      A CWWKZ0003I: The application voidbackend updated in 1.049 seconds.
[3/20/20, 11:30:25:932 EDT] 0000002b com.ibm.ws.session.WASSessionCore                            I SESN0176I: A new session context will be created for application key default_host/
[3/20/20, 11:30:25:932 EDT] 0000002b com.ibm.ws.util                                              I SESN0172I: The session manager is using the Java default SecureRandom implementation for session ID generation.
[3/20/20, 11:30:25:956 EDT] 0000002c com.ibm.ws.webcontainer.osgi.mbeans.PluginGenerator          I SRVE9103I: A configuration file for a web server plugin was automatically generated for this server at /Users/dennismila/Desktop/backend-openliberty-demo/target/liberty/wlp/usr/servers/defaultServer/logs/state/plugin-cfg.xml.
[3/20/20, 11:30:26:433 EDT] 00000073 com.ibm.ws.http.internal.VirtualHostImpl                     A CWWKT0017I: Web application removed (default_host): http://denniss-mbp:9080/
[3/20/20, 11:30:26:448 EDT] 00000073 com.ibm.ws.app.manager.AppMessageHelper                      A CWWKZ0009I: The application voidbackend has stopped successfully.
[3/20/20, 11:30:26:454 EDT] 00000073 com.ibm.ws.app.manager.AppMessageHelper                      I CWWKZ0018I: Starting application voidbackend.
[3/20/20, 11:30:26:454 EDT] 00000073 bm.ws.app.manager.war.internal.WARDeployedAppInfoFactoryImpl I CWWKZ0134I: The voidbackend application is using the loose application definition at the /Users/dennismila/Desktop/backend-openliberty-demo/target/liberty/wlp/usr/servers/defaultServer/apps/voidbackend.war.xml location.
[3/20/20, 11:30:26:466 EDT] 00000075 com.ibm.ws.webcontainer.osgi.mbeans.PluginGenerator          I SRVE9103I: A configuration file for a web server plugin was automatically generated for this server at /Users/dennismila/Desktop/backend-openliberty-demo/target/liberty/wlp/usr/servers/defaultServer/logs/state/plugin-cfg.xml.
[3/20/20, 11:30:27:089 EDT] 00000073 com.ibm.ws.webcontainer.osgi.webapp.WebGroup                 I SRVE0169I: Loading Web Module: Liberty Project.
[3/20/20, 11:30:27:089 EDT] 00000073 com.ibm.ws.webcontainer                                      I SRVE0250I: Web Module Liberty Project has been bound to default_host.
[3/20/20, 11:30:27:089 EDT] 00000073 com.ibm.ws.http.internal.VirtualHostImpl                     A CWWKT0016I: Web application available (default_host): http://denniss-mbp:9080/
[3/20/20, 11:30:27:091 EDT] 00000023 com.ibm.ws.session.WASSessionCore                            I SESN0176I: A new session context will be created for application key default_host/
[3/20/20, 11:30:27:091 EDT] 00000023 com.ibm.ws.util                                              I SESN0172I: The session manager is using the Java default SecureRandom implementation for session ID generation.
[3/20/20, 11:30:27:092 EDT] 00000073 com.ibm.ws.app.manager.AppMessageHelper                      A CWWKZ0003I: The application voidbackend updated in 0.638 seconds.
[3/20/20, 11:30:27:119 EDT] 00000060 com.ibm.ws.webcontainer.osgi.mbeans.PluginGenerator          I SRVE9103I: A configuration file for a web server plugin was automatically generated for this server at /Users/dennismila/Desktop/backend-openliberty-demo/target/liberty/wlp/usr/servers/defaultServer/logs/state/plugin-cfg.xml.
[3/20/20, 11:30:31:840 EDT] 00000060 .apache.cxf.cxf.core.3.2:1.0.38.cl200320200305-1433(id=132)] I Setting the server's publish address to be /
[3/20/20, 11:30:31:847 EDT] 00000060 com.ibm.ws.webcontainer.servlet                              I SRVE0242I: [voidbackend] [/] [io.openliberty.guides.application.MainApplication]: Initialization successful.
[3/20/20, 11:30:32:256 EDT] 00000060 org.mongodb.driver.cluster                                   I Cluster created with settings {hosts=[localhost:8081], mode=SINGLE, requiredClusterType=UNKNOWN, serverSelectionTimeout='30000 ms', maxWaitQueueSize=500}
[3/20/20, 11:30:32:586 EDT] 0000008b org.mongodb.driver.connection                                I Opened connection [connectionId{localValue:1, serverValue:24}] to localhost:8081
[3/20/20, 11:30:32:603 EDT] 0000008b org.mongodb.driver.cluster                                   I Monitor thread successfully connected to server with description ServerDescription{address=localhost:8081, type=STANDALONE, state=CONNECTED, ok=true, version=ServerVersion{versionList=[3, 6, 17]}, minWireVersion=0, maxWireVersion=6, maxDocumentSize=16777216, logicalSessionTimeoutMinutes=30, roundTripTimeNanos=12737666}
[3/20/20, 11:30:36:691 EDT] 00000076 SystemOut                                                    O Logging into user: username12345 UserResource [100]
[3/20/20, 11:30:36:695 EDT] 00000076 org.mongodb.driver.cluster                                   I Cluster created with settings {hosts=[localhost:8081], mode=SINGLE, requiredClusterType=UNKNOWN, serverSelectionTimeout='30000 ms', maxWaitQueueSize=500}
[3/20/20, 11:30:36:717 EDT] 0000008c org.mongodb.driver.connection                                I Opened connection [connectionId{localValue:2, serverValue:25}] to localhost:8081
[3/20/20, 11:30:36:723 EDT] 0000008c org.mongodb.driver.cluster                                   I Monitor thread successfully connected to server with description ServerDescription{address=localhost:8081, type=STANDALONE, state=CONNECTED, ok=true, version=ServerVersion{versionList=[3, 6, 17]}, minWireVersion=0, maxWireVersion=6, maxDocumentSize=16777216, logicalSessionTimeoutMinutes=30, roundTripTimeNanos=5128121}
[3/20/20, 11:30:36:736 EDT] 00000076 SystemOut                                                    O Finished logging in user ... UserResource [109]
[3/20/20, 11:30:39:678 EDT] 00000041 SystemOut                                                    O Getting all articles ... ArticleResource [93]
[3/20/20, 11:30:39:892 EDT] 00000041 org.mongodb.driver.connection                                I Opened connection [connectionId{localValue:3, serverValue:26}] to localhost:8081
[3/20/20, 11:30:39:947 EDT] 00000041 SystemOut                                                    O Finished getting all articles ... ArticleResource [103]
[3/20/20, 11:30:42:715 EDT] 00000065 org.mongodb.driver.connection                                I Closed connection [connectionId{localValue:3, serverValue:23}] to localhost:8081 because the pool has been closed.
[3/20/20, 11:30:42:718 EDT] 00000065 SystemOut                                                    O Removing cache entry: d2ac7976c53c8426905fa0843a94faf850d139f27e3b33e7517084f0762044c8
[3/20/20, 11:30:52:094 EDT] 00000014 com.ibm.ws.kernel.launch.internal.FrameworkManager           A CWWKE0085I: The server defaultServer is stopping because the JVM is exiting.
[3/20/20, 11:30:52:100 EDT] 0000008e com.ibm.ws.runtime.update.internal.RuntimeUpdateManagerImpl  A CWWKE1100I: Waiting for up to 30 seconds for the server to quiesce.
[3/20/20, 11:30:52:108 EDT] 0000003a com.ibm.ws.tcpchannel.internal.TCPChannel                    I CWWKO0220I: TCP Channel defaultHttpEndpoint has stopped listening for requests on host *  (IPv6) port 9080.
[3/20/20, 11:30:52:110 EDT] 0000003a com.ibm.ws.http.internal.VirtualHostImpl                     A CWWKT0017I: Web application removed (default_host): http://denniss-mbp:9080/
[3/20/20, 11:30:52:320 EDT] 00000015 com.ibm.ws.kernel.launch.internal.ServerCommandListener      A CWWKE0055I: Server shutdown requested on Friday, March 20, 2020 at 11:30 AM. The server defaultServer is shutting down.
[3/20/20, 11:30:53:118 EDT] 0000008e com.ibm.ws.runtime.update.internal.RuntimeUpdateManagerImpl  I CWWKE1101I: Server quiesce complete.
[3/20/20, 11:30:53:189 EDT] 00000023 com.ibm.ws.app.manager.AppMessageHelper                      A CWWKZ0009I: The application voidbackend has stopped successfully.
[3/20/20, 11:30:53:578 EDT] 00000001 com.ibm.ws.kernel.launch.internal.FrameworkManager           A CWWKE0036I: The server defaultServer stopped after 2 minutes, 11.677 seconds.
