********************************************************************************
product = Open Liberty 20.0.0.2 (wlp-1.0.37.cl200220200204-1746)
wlp.install.dir = /Users/dilloncarns/Projects/appmod-sampleapp/target/liberty/wlp/
java.home = /Library/Java/JavaVirtualMachines/jdk-11.0.5.jdk/Contents/Home
java.version = 11.0.5
java.runtime = Java(TM) SE Runtime Environment (11.0.5+10-LTS)
os = Mac OS X (10.15.2; x86_64) (en_US)
process = 5368@dillons-mbp.raleigh.ibm.com
********************************************************************************
[3/5/20, 13:30:04:440 EST] 00000001 com.ibm.ws.kernel.launch.internal.FrameworkManager           A CWWKE0001I: The server defaultServer has been launched.
[3/5/20, 13:30:04:966 EST] 0000001b com.ibm.ws.config.xml.internal.ServerXMLConfiguration        A CWWKG0093A: Processing configuration drop-ins resource: /Users/dilloncarns/Projects/appmod-sampleapp/target/liberty/wlp/usr/servers/defaultServer/configDropins/overrides/liberty-plugin-variable-config.xml
[3/5/20, 13:30:05:143 EST] 00000001 com.ibm.ws.kernel.launch.internal.FrameworkManager           I CWWKE0002I: The kernel started after 0.939 seconds
[3/5/20, 13:30:05:157 EST] 00000023 com.ibm.ws.kernel.feature.internal.FeatureManager            I CWWKF0007I: Feature update started.
[3/5/20, 13:30:05:311 EST] 00000019 .apache.cxf.cxf.core.3.2:1.0.37.cl200220200204-1746(id=132)] I Aries Blueprint packages not available. So namespaces will not be registered
[3/5/20, 13:30:05:314 EST] 00000019 .apache.cxf.cxf.core.3.2:1.0.37.cl200220200204-1746(id=132)] I Aries Blueprint packages not available. So namespaces will not be registered
[3/5/20, 13:30:05:407 EST] 00000018 com.ibm.ws.app.manager.internal.monitor.DropinMonitor        A CWWKZ0058I: Monitoring dropins for applications.
[3/5/20, 13:30:05:442 EST] 00000019 com.ibm.ws.annocache.service                                 I OSGi Work Path [ /Users/dilloncarns/Projects/appmod-sampleapp/target/liberty/wlp/usr/servers/defaultServer/workarea/org.eclipse.osgi/41/data ]
[3/5/20, 13:30:05:959 EST] 0000002c com.ibm.ws.app.manager.AppMessageHelper                      I CWWKZ0018I: Starting application guide-microprofile-rest-client.
[3/5/20, 13:30:05:960 EST] 0000002c bm.ws.app.manager.war.internal.WARDeployedAppInfoFactoryImpl I CWWKZ0134I: The guide-microprofile-rest-client application is using the loose application definition at the /Users/dilloncarns/Projects/appmod-sampleapp/target/liberty/wlp/usr/servers/defaultServer/apps/guide-microprofile-rest-client.war.xml location.
[3/5/20, 13:30:06:523 EST] 0000002c com.ibm.ws.session.WASSessionCore                            I SESN8501I: The session manager did not find a persistent storage location; HttpSession objects will be stored in the local application server's memory.
[3/5/20, 13:30:06:571 EST] 0000002c org.jboss.weld.Version                                       I WELD-000900: 3.1.1 (Final)
[3/5/20, 13:30:07:386 EST] 0000002c com.ibm.ws.webcontainer.osgi.webapp.WebGroup                 I SRVE0169I: Loading Web Module: Liberty Project.
[3/5/20, 13:30:07:388 EST] 0000002c com.ibm.ws.webcontainer                                      I SRVE0250I: Web Module Liberty Project has been bound to default_host.
[3/5/20, 13:30:07:390 EST] 0000002c com.ibm.ws.http.internal.VirtualHostImpl                     A CWWKT0016I: Web application available (default_host): http://dillons-mbp.raleigh.ibm.com:9080/
[3/5/20, 13:30:07:394 EST] 0000002c com.ibm.ws.app.manager.AppMessageHelper                      A CWWKZ0001I: Application guide-microprofile-rest-client started in 1.435 seconds.
[3/5/20, 13:30:07:411 EST] 00000038 com.ibm.ws.session.WASSessionCore                            I SESN0176I: A new session context will be created for application key default_host/
[3/5/20, 13:30:07:411 EST] 00000023 com.ibm.ws.tcpchannel.internal.TCPPort                       I CWWKO0219I: TCP Channel defaultHttpEndpoint has been started and is now listening for requests on host *  (IPv6) port 9080.
[3/5/20, 13:30:07:418 EST] 00000023 com.ibm.ws.kernel.feature.internal.FeatureManager            A CWWKF0012I: The server installed the following features: [cdi-2.0, jaxrs-2.1, jaxrsClient-2.1, jndi-1.0, jsonp-1.1, mpConfig-1.3, mpRestClient-1.3, servlet-4.0].
[3/5/20, 13:30:07:419 EST] 00000023 com.ibm.ws.kernel.feature.internal.FeatureManager            I CWWKF0008I: Feature update completed in 2.276 seconds.
[3/5/20, 13:30:07:419 EST] 00000023 com.ibm.ws.kernel.feature.internal.FeatureManager            A CWWKF0011I: The defaultServer server is ready to run a smarter planet. The defaultServer server started in 3.218 seconds.
[3/5/20, 13:30:07:423 EST] 00000038 com.ibm.ws.util                                              I SESN0172I: The session manager is using the Java default SecureRandom implementation for session ID generation.
[3/5/20, 13:30:07:438 EST] 00000040 com.ibm.ws.webcontainer.osgi.mbeans.PluginGenerator          I SRVE9103I: A configuration file for a web server plugin was automatically generated for this server at /Users/dilloncarns/Projects/appmod-sampleapp/target/liberty/wlp/usr/servers/defaultServer/logs/state/plugin-cfg.xml.
[3/5/20, 13:30:10:341 EST] 0000003f .apache.cxf.cxf.core.3.2:1.0.37.cl200220200204-1746(id=132)] I Setting the server's publish address to be /app/
[3/5/20, 13:30:10:415 EST] 0000003f com.ibm.ws.webcontainer.servlet                              I SRVE0242I: [guide-microprofile-rest-client] [/] [io.openliberty.guides.inventory.XKCDApplication]: Initialization successful.
[3/5/20, 13:30:16:597 EST] 0000003a com.ibm.ws.http.internal.VirtualHostImpl                     A CWWKT0017I: Web application removed (default_host): http://dillons-mbp.raleigh.ibm.com:9080/
[3/5/20, 13:30:16:600 EST] 0000003a com.ibm.ws.webcontainer.servlet                              I SRVE0253I: [guide-microprofile-rest-client] [/] [io.openliberty.guides.inventory.XKCDApplication]: Destroy successful.
[3/5/20, 13:30:16:627 EST] 0000003a com.ibm.ws.app.manager.AppMessageHelper                      A CWWKZ0009I: The application guide-microprofile-rest-client has stopped successfully.
[3/5/20, 13:30:16:635 EST] 0000003a com.ibm.ws.app.manager.AppMessageHelper                      I CWWKZ0018I: Starting application guide-microprofile-rest-client.
[3/5/20, 13:30:16:635 EST] 0000003a bm.ws.app.manager.war.internal.WARDeployedAppInfoFactoryImpl I CWWKZ0134I: The guide-microprofile-rest-client application is using the loose application definition at the /Users/dilloncarns/Projects/appmod-sampleapp/target/liberty/wlp/usr/servers/defaultServer/apps/guide-microprofile-rest-client.war.xml location.
[3/5/20, 13:30:16:957 EST] 0000003a com.ibm.ws.webcontainer.osgi.webapp.WebGroup                 I SRVE0169I: Loading Web Module: Liberty Project.
[3/5/20, 13:30:16:958 EST] 0000003a com.ibm.ws.webcontainer                                      I SRVE0250I: Web Module Liberty Project has been bound to default_host.
[3/5/20, 13:30:16:958 EST] 0000003a com.ibm.ws.http.internal.VirtualHostImpl                     A CWWKT0016I: Web application available (default_host): http://dillons-mbp.raleigh.ibm.com:9080/
[3/5/20, 13:30:16:959 EST] 0000003a com.ibm.ws.app.manager.AppMessageHelper                      A CWWKZ0003I: The application guide-microprofile-rest-client updated in 0.325 seconds.
[3/5/20, 13:30:16:959 EST] 0000003e com.ibm.ws.session.WASSessionCore                            I SESN0176I: A new session context will be created for application key default_host/
[3/5/20, 13:30:16:960 EST] 0000003e com.ibm.ws.util                                              I SESN0172I: The session manager is using the Java default SecureRandom implementation for session ID generation.
[3/5/20, 13:30:17:006 EST] 00000040 com.ibm.ws.webcontainer.osgi.mbeans.PluginGenerator          I SRVE9103I: A configuration file for a web server plugin was automatically generated for this server at /Users/dilloncarns/Projects/appmod-sampleapp/target/liberty/wlp/usr/servers/defaultServer/logs/state/plugin-cfg.xml.
[3/5/20, 13:30:17:024 EST] 00000043 com.ibm.ws.webcontainer.osgi.mbeans.PluginGenerator          I SRVE9103I: A configuration file for a web server plugin was automatically generated for this server at /Users/dilloncarns/Projects/appmod-sampleapp/target/liberty/wlp/usr/servers/defaultServer/logs/state/plugin-cfg.xml.
[3/5/20, 13:30:37:752 EST] 00000037 .apache.cxf.cxf.core.3.2:1.0.37.cl200220200204-1746(id=132)] I Setting the server's publish address to be /app/
[3/5/20, 13:30:37:758 EST] 00000037 com.ibm.ws.webcontainer.servlet                              I SRVE0242I: [guide-microprofile-rest-client] [/] [io.openliberty.guides.inventory.XKCDApplication]: Initialization successful.
[3/5/20, 13:32:17:426 EST] 0000003e com.ibm.ws.http.internal.VirtualHostImpl                     A CWWKT0017I: Web application removed (default_host): http://dillons-mbp.raleigh.ibm.com:9080/
[3/5/20, 13:32:17:427 EST] 0000003e com.ibm.ws.webcontainer.servlet                              I SRVE0253I: [guide-microprofile-rest-client] [/] [io.openliberty.guides.inventory.XKCDApplication]: Destroy successful.
[3/5/20, 13:32:17:432 EST] 0000003e com.ibm.ws.app.manager.AppMessageHelper                      A CWWKZ0009I: The application guide-microprofile-rest-client has stopped successfully.
[3/5/20, 13:32:17:436 EST] 0000003e com.ibm.ws.app.manager.AppMessageHelper                      I CWWKZ0018I: Starting application guide-microprofile-rest-client.
[3/5/20, 13:32:17:436 EST] 0000003e bm.ws.app.manager.war.internal.WARDeployedAppInfoFactoryImpl I CWWKZ0134I: The guide-microprofile-rest-client application is using the loose application definition at the /Users/dilloncarns/Projects/appmod-sampleapp/target/liberty/wlp/usr/servers/defaultServer/apps/guide-microprofile-rest-client.war.xml location.
[3/5/20, 13:32:17:454 EST] 00000061 com.ibm.ws.webcontainer.osgi.mbeans.PluginGenerator          I SRVE9103I: A configuration file for a web server plugin was automatically generated for this server at /Users/dilloncarns/Projects/appmod-sampleapp/target/liberty/wlp/usr/servers/defaultServer/logs/state/plugin-cfg.xml.
[3/5/20, 13:32:17:587 EST] 0000003e com.ibm.ws.webcontainer.osgi.webapp.WebGroup                 I SRVE0169I: Loading Web Module: Liberty Project.
[3/5/20, 13:32:17:587 EST] 0000003e com.ibm.ws.webcontainer                                      I SRVE0250I: Web Module Liberty Project has been bound to default_host.
[3/5/20, 13:32:17:587 EST] 0000003e com.ibm.ws.http.internal.VirtualHostImpl                     A CWWKT0016I: Web application available (default_host): http://dillons-mbp.raleigh.ibm.com:9080/
[3/5/20, 13:32:17:588 EST] 0000003e com.ibm.ws.app.manager.AppMessageHelper                      A CWWKZ0003I: The application guide-microprofile-rest-client updated in 0.152 seconds.
[3/5/20, 13:32:17:589 EST] 0000003a com.ibm.ws.session.WASSessionCore                            I SESN0176I: A new session context will be created for application key default_host/
[3/5/20, 13:32:17:589 EST] 0000003a com.ibm.ws.util                                              I SESN0172I: The session manager is using the Java default SecureRandom implementation for session ID generation.
[3/5/20, 13:32:17:616 EST] 00000024 com.ibm.ws.webcontainer.osgi.mbeans.PluginGenerator          I SRVE9103I: A configuration file for a web server plugin was automatically generated for this server at /Users/dilloncarns/Projects/appmod-sampleapp/target/liberty/wlp/usr/servers/defaultServer/logs/state/plugin-cfg.xml.
[3/5/20, 13:32:19:897 EST] 00000062 com.ibm.ws.http.internal.VirtualHostImpl                     A CWWKT0017I: Web application removed (default_host): http://dillons-mbp.raleigh.ibm.com:9080/
[3/5/20, 13:32:19:903 EST] 00000062 com.ibm.ws.app.manager.AppMessageHelper                      A CWWKZ0009I: The application guide-microprofile-rest-client has stopped successfully.
[3/5/20, 13:32:19:907 EST] 00000062 com.ibm.ws.app.manager.AppMessageHelper                      I CWWKZ0018I: Starting application guide-microprofile-rest-client.
[3/5/20, 13:32:19:907 EST] 00000062 bm.ws.app.manager.war.internal.WARDeployedAppInfoFactoryImpl I CWWKZ0134I: The guide-microprofile-rest-client application is using the loose application definition at the /Users/dilloncarns/Projects/appmod-sampleapp/target/liberty/wlp/usr/servers/defaultServer/apps/guide-microprofile-rest-client.war.xml location.
[3/5/20, 13:32:19:918 EST] 0000002f com.ibm.ws.webcontainer.osgi.mbeans.PluginGenerator          I SRVE9103I: A configuration file for a web server plugin was automatically generated for this server at /Users/dilloncarns/Projects/appmod-sampleapp/target/liberty/wlp/usr/servers/defaultServer/logs/state/plugin-cfg.xml.
[3/5/20, 13:32:20:050 EST] 00000062 com.ibm.ws.webcontainer.osgi.webapp.WebGroup                 I SRVE0169I: Loading Web Module: Liberty Project.
[3/5/20, 13:32:20:051 EST] 00000062 com.ibm.ws.webcontainer                                      I SRVE0250I: Web Module Liberty Project has been bound to default_host.
[3/5/20, 13:32:20:051 EST] 00000062 com.ibm.ws.http.internal.VirtualHostImpl                     A CWWKT0016I: Web application available (default_host): http://dillons-mbp.raleigh.ibm.com:9080/
[3/5/20, 13:32:20:051 EST] 00000062 com.ibm.ws.app.manager.AppMessageHelper                      A CWWKZ0003I: The application guide-microprofile-rest-client updated in 0.144 seconds.
[3/5/20, 13:32:20:052 EST] 00000041 com.ibm.ws.session.WASSessionCore                            I SESN0176I: A new session context will be created for application key default_host/
[3/5/20, 13:32:20:052 EST] 00000041 com.ibm.ws.util                                              I SESN0172I: The session manager is using the Java default SecureRandom implementation for session ID generation.
[3/5/20, 13:32:20:068 EST] 0000005e com.ibm.ws.webcontainer.osgi.mbeans.PluginGenerator          I SRVE9103I: A configuration file for a web server plugin was automatically generated for this server at /Users/dilloncarns/Projects/appmod-sampleapp/target/liberty/wlp/usr/servers/defaultServer/logs/state/plugin-cfg.xml.
[3/5/20, 13:32:22:405 EST] 0000005d .apache.cxf.cxf.core.3.2:1.0.37.cl200220200204-1746(id=132)] I Setting the server's publish address to be /app/
[3/5/20, 13:32:22:409 EST] 0000005d com.ibm.ws.webcontainer.servlet                              I SRVE0242I: [guide-microprofile-rest-client] [/] [io.openliberty.guides.inventory.XKCDApplication]: Initialization successful.
[3/5/20, 13:33:38:909 EST] 0000003f com.ibm.ws.http.internal.VirtualHostImpl                     A CWWKT0017I: Web application removed (default_host): http://dillons-mbp.raleigh.ibm.com:9080/
[3/5/20, 13:33:38:910 EST] 0000003f com.ibm.ws.webcontainer.servlet                              I SRVE0253I: [guide-microprofile-rest-client] [/] [io.openliberty.guides.inventory.XKCDApplication]: Destroy successful.
[3/5/20, 13:33:38:916 EST] 0000003f com.ibm.ws.app.manager.AppMessageHelper                      A CWWKZ0009I: The application guide-microprofile-rest-client has stopped successfully.
[3/5/20, 13:33:38:920 EST] 0000003f com.ibm.ws.app.manager.AppMessageHelper                      I CWWKZ0018I: Starting application guide-microprofile-rest-client.
[3/5/20, 13:33:38:920 EST] 0000003f bm.ws.app.manager.war.internal.WARDeployedAppInfoFactoryImpl I CWWKZ0134I: The guide-microprofile-rest-client application is using the loose application definition at the /Users/dilloncarns/Projects/appmod-sampleapp/target/liberty/wlp/usr/servers/defaultServer/apps/guide-microprofile-rest-client.war.xml location.
[3/5/20, 13:33:38:932 EST] 0000003a com.ibm.ws.webcontainer.osgi.mbeans.PluginGenerator          I SRVE9103I: A configuration file for a web server plugin was automatically generated for this server at /Users/dilloncarns/Projects/appmod-sampleapp/target/liberty/wlp/usr/servers/defaultServer/logs/state/plugin-cfg.xml.
[3/5/20, 13:33:39:073 EST] 0000003f com.ibm.ws.webcontainer.osgi.webapp.WebGroup                 I SRVE0169I: Loading Web Module: Liberty Project.
[3/5/20, 13:33:39:073 EST] 0000003f com.ibm.ws.webcontainer                                      I SRVE0250I: Web Module Liberty Project has been bound to default_host.
[3/5/20, 13:33:39:073 EST] 0000003f com.ibm.ws.http.internal.VirtualHostImpl                     A CWWKT0016I: Web application available (default_host): http://dillons-mbp.raleigh.ibm.com:9080/
[3/5/20, 13:33:39:075 EST] 0000003f com.ibm.ws.app.manager.AppMessageHelper                      A CWWKZ0003I: The application guide-microprofile-rest-client updated in 0.155 seconds.
[3/5/20, 13:33:39:076 EST] 00000077 com.ibm.ws.session.WASSessionCore                            I SESN0176I: A new session context will be created for application key default_host/
[3/5/20, 13:33:39:076 EST] 00000077 com.ibm.ws.util                                              I SESN0172I: The session manager is using the Java default SecureRandom implementation for session ID generation.
[3/5/20, 13:33:39:101 EST] 00000042 com.ibm.ws.webcontainer.osgi.mbeans.PluginGenerator          I SRVE9103I: A configuration file for a web server plugin was automatically generated for this server at /Users/dilloncarns/Projects/appmod-sampleapp/target/liberty/wlp/usr/servers/defaultServer/logs/state/plugin-cfg.xml.
[3/5/20, 13:33:39:860 EST] 00000070 com.ibm.ws.http.internal.VirtualHostImpl                     A CWWKT0017I: Web application removed (default_host): http://dillons-mbp.raleigh.ibm.com:9080/
[3/5/20, 13:33:39:866 EST] 00000070 com.ibm.ws.app.manager.AppMessageHelper                      A CWWKZ0009I: The application guide-microprofile-rest-client has stopped successfully.
[3/5/20, 13:33:39:869 EST] 00000070 com.ibm.ws.app.manager.AppMessageHelper                      I CWWKZ0018I: Starting application guide-microprofile-rest-client.
[3/5/20, 13:33:39:869 EST] 00000070 bm.ws.app.manager.war.internal.WARDeployedAppInfoFactoryImpl I CWWKZ0134I: The guide-microprofile-rest-client application is using the loose application definition at the /Users/dilloncarns/Projects/appmod-sampleapp/target/liberty/wlp/usr/servers/defaultServer/apps/guide-microprofile-rest-client.war.xml location.
[3/5/20, 13:33:39:880 EST] 00000063 com.ibm.ws.webcontainer.osgi.mbeans.PluginGenerator          I SRVE9103I: A configuration file for a web server plugin was automatically generated for this server at /Users/dilloncarns/Projects/appmod-sampleapp/target/liberty/wlp/usr/servers/defaultServer/logs/state/plugin-cfg.xml.
[3/5/20, 13:33:40:026 EST] 00000070 com.ibm.ws.webcontainer.osgi.webapp.WebGroup                 I SRVE0169I: Loading Web Module: Liberty Project.
[3/5/20, 13:33:40:026 EST] 00000070 com.ibm.ws.webcontainer                                      I SRVE0250I: Web Module Liberty Project has been bound to default_host.
[3/5/20, 13:33:40:026 EST] 00000070 com.ibm.ws.http.internal.VirtualHostImpl                     A CWWKT0016I: Web application available (default_host): http://dillons-mbp.raleigh.ibm.com:9080/
[3/5/20, 13:33:40:027 EST] 00000070 com.ibm.ws.app.manager.AppMessageHelper                      A CWWKZ0003I: The application guide-microprofile-rest-client updated in 0.158 seconds.
[3/5/20, 13:33:40:027 EST] 000000a2 com.ibm.ws.session.WASSessionCore                            I SESN0176I: A new session context will be created for application key default_host/
[3/5/20, 13:33:40:028 EST] 000000a2 com.ibm.ws.util                                              I SESN0172I: The session manager is using the Java default SecureRandom implementation for session ID generation.
[3/5/20, 13:33:40:044 EST] 0000005b com.ibm.ws.webcontainer.osgi.mbeans.PluginGenerator          I SRVE9103I: A configuration file for a web server plugin was automatically generated for this server at /Users/dilloncarns/Projects/appmod-sampleapp/target/liberty/wlp/usr/servers/defaultServer/logs/state/plugin-cfg.xml.
[3/5/20, 13:33:41:814 EST] 00000040 .apache.cxf.cxf.core.3.2:1.0.37.cl200220200204-1746(id=132)] I Setting the server's publish address to be /app/
[3/5/20, 13:33:41:818 EST] 00000040 com.ibm.ws.webcontainer.servlet                              I SRVE0242I: [guide-microprofile-rest-client] [/] [io.openliberty.guides.inventory.XKCDApplication]: Initialization successful.
[3/5/20, 13:39:51:089 EST] 000000d3 com.ibm.ws.http.internal.VirtualHostImpl                     A CWWKT0017I: Web application removed (default_host): http://dillons-mbp.raleigh.ibm.com:9080/
[3/5/20, 13:39:51:090 EST] 000000d3 com.ibm.ws.webcontainer.servlet                              I SRVE0253I: [guide-microprofile-rest-client] [/] [io.openliberty.guides.inventory.XKCDApplication]: Destroy successful.
[3/5/20, 13:39:51:120 EST] 000000d3 com.ibm.ws.app.manager.AppMessageHelper                      A CWWKZ0009I: The application guide-microprofile-rest-client has stopped successfully.
[3/5/20, 13:39:51:125 EST] 000000d3 com.ibm.ws.app.manager.AppMessageHelper                      I CWWKZ0018I: Starting application guide-microprofile-rest-client.
[3/5/20, 13:39:51:126 EST] 000000d3 bm.ws.app.manager.war.internal.WARDeployedAppInfoFactoryImpl I CWWKZ0134I: The guide-microprofile-rest-client application is using the loose application definition at the /Users/dilloncarns/Projects/appmod-sampleapp/target/liberty/wlp/usr/servers/defaultServer/apps/guide-microprofile-rest-client.war.xml location.
[3/5/20, 13:39:51:128 EST] 00000041 com.ibm.ws.webcontainer.osgi.mbeans.PluginGenerator          I SRVE9103I: A configuration file for a web server plugin was automatically generated for this server at /Users/dilloncarns/Projects/appmod-sampleapp/target/liberty/wlp/usr/servers/defaultServer/logs/state/plugin-cfg.xml.
[3/5/20, 13:39:51:370 EST] 000000d3 com.ibm.ws.webcontainer.osgi.webapp.WebGroup                 I SRVE0169I: Loading Web Module: Liberty Project.
[3/5/20, 13:39:51:370 EST] 000000d3 com.ibm.ws.webcontainer                                      I SRVE0250I: Web Module Liberty Project has been bound to default_host.
[3/5/20, 13:39:51:371 EST] 000000d3 com.ibm.ws.http.internal.VirtualHostImpl                     A CWWKT0016I: Web application available (default_host): http://dillons-mbp.raleigh.ibm.com:9080/
[3/5/20, 13:39:51:372 EST] 00000042 com.ibm.ws.session.WASSessionCore                            I SESN0176I: A new session context will be created for application key default_host/
[3/5/20, 13:39:51:372 EST] 00000042 com.ibm.ws.util                                              I SESN0172I: The session manager is using the Java default SecureRandom implementation for session ID generation.
[3/5/20, 13:39:51:372 EST] 000000d3 com.ibm.ws.app.manager.AppMessageHelper                      A CWWKZ0003I: The application guide-microprofile-rest-client updated in 0.247 seconds.
[3/5/20, 13:39:51:391 EST] 000000b5 com.ibm.ws.webcontainer.osgi.mbeans.PluginGenerator          I SRVE9103I: A configuration file for a web server plugin was automatically generated for this server at /Users/dilloncarns/Projects/appmod-sampleapp/target/liberty/wlp/usr/servers/defaultServer/logs/state/plugin-cfg.xml.
[3/5/20, 13:43:39:645 EST] 00000104 com.ibm.ws.http.internal.VirtualHostImpl                     A CWWKT0017I: Web application removed (default_host): http://dillons-mbp.raleigh.ibm.com:9080/
[3/5/20, 13:43:39:651 EST] 00000104 com.ibm.ws.app.manager.AppMessageHelper                      A CWWKZ0009I: The application guide-microprofile-rest-client has stopped successfully.
[3/5/20, 13:43:39:654 EST] 00000104 com.ibm.ws.app.manager.AppMessageHelper                      I CWWKZ0018I: Starting application guide-microprofile-rest-client.
[3/5/20, 13:43:39:655 EST] 00000104 bm.ws.app.manager.war.internal.WARDeployedAppInfoFactoryImpl I CWWKZ0134I: The guide-microprofile-rest-client application is using the loose application definition at the /Users/dilloncarns/Projects/appmod-sampleapp/target/liberty/wlp/usr/servers/defaultServer/apps/guide-microprofile-rest-client.war.xml location.
[3/5/20, 13:43:39:664 EST] 000000f0 com.ibm.ws.webcontainer.osgi.mbeans.PluginGenerator          I SRVE9103I: A configuration file for a web server plugin was automatically generated for this server at /Users/dilloncarns/Projects/appmod-sampleapp/target/liberty/wlp/usr/servers/defaultServer/logs/state/plugin-cfg.xml.
[3/5/20, 13:43:39:819 EST] 00000104 com.ibm.ws.webcontainer.osgi.webapp.WebGroup                 I SRVE0169I: Loading Web Module: Liberty Project.
[3/5/20, 13:43:39:819 EST] 00000104 com.ibm.ws.webcontainer                                      I SRVE0250I: Web Module Liberty Project has been bound to default_host.
[3/5/20, 13:43:39:819 EST] 00000104 com.ibm.ws.http.internal.VirtualHostImpl                     A CWWKT0016I: Web application available (default_host): http://dillons-mbp.raleigh.ibm.com:9080/
[3/5/20, 13:43:39:821 EST] 00000104 com.ibm.ws.app.manager.AppMessageHelper                      A CWWKZ0003I: The application guide-microprofile-rest-client updated in 0.166 seconds.
[3/5/20, 13:43:39:822 EST] 000000e7 com.ibm.ws.session.WASSessionCore                            I SESN0176I: A new session context will be created for application key default_host/
[3/5/20, 13:43:39:823 EST] 000000e7 com.ibm.ws.util                                              I SESN0172I: The session manager is using the Java default SecureRandom implementation for session ID generation.
[3/5/20, 13:43:39:840 EST] 000000b5 com.ibm.ws.webcontainer.osgi.mbeans.PluginGenerator          I SRVE9103I: A configuration file for a web server plugin was automatically generated for this server at /Users/dilloncarns/Projects/appmod-sampleapp/target/liberty/wlp/usr/servers/defaultServer/logs/state/plugin-cfg.xml.
[3/5/20, 13:43:45:630 EST] 000000e7 com.ibm.ws.http.internal.VirtualHostImpl                     A CWWKT0017I: Web application removed (default_host): http://dillons-mbp.raleigh.ibm.com:9080/
[3/5/20, 13:43:45:636 EST] 000000e7 com.ibm.ws.app.manager.AppMessageHelper                      A CWWKZ0009I: The application guide-microprofile-rest-client has stopped successfully.
[3/5/20, 13:43:45:639 EST] 000000e7 com.ibm.ws.app.manager.AppMessageHelper                      I CWWKZ0018I: Starting application guide-microprofile-rest-client.
[3/5/20, 13:43:45:639 EST] 000000e7 bm.ws.app.manager.war.internal.WARDeployedAppInfoFactoryImpl I CWWKZ0134I: The guide-microprofile-rest-client application is using the loose application definition at the /Users/dilloncarns/Projects/appmod-sampleapp/target/liberty/wlp/usr/servers/defaultServer/apps/guide-microprofile-rest-client.war.xml location.
[3/5/20, 13:43:45:647 EST] 00000103 com.ibm.ws.webcontainer.osgi.mbeans.PluginGenerator          I SRVE9103I: A configuration file for a web server plugin was automatically generated for this server at /Users/dilloncarns/Projects/appmod-sampleapp/target/liberty/wlp/usr/servers/defaultServer/logs/state/plugin-cfg.xml.
[3/5/20, 13:43:45:748 EST] 000000e7 com.ibm.ws.webcontainer.osgi.webapp.WebGroup                 I SRVE0169I: Loading Web Module: Liberty Project.
[3/5/20, 13:43:45:748 EST] 000000e7 com.ibm.ws.webcontainer                                      I SRVE0250I: Web Module Liberty Project has been bound to default_host.
[3/5/20, 13:43:45:749 EST] 000000e7 com.ibm.ws.http.internal.VirtualHostImpl                     A CWWKT0016I: Web application available (default_host): http://dillons-mbp.raleigh.ibm.com:9080/
[3/5/20, 13:43:45:749 EST] 000000e7 com.ibm.ws.app.manager.AppMessageHelper                      A CWWKZ0003I: The application guide-microprofile-rest-client updated in 0.110 seconds.
[3/5/20, 13:43:45:750 EST] 000000f0 com.ibm.ws.session.WASSessionCore                            I SESN0176I: A new session context will be created for application key default_host/
[3/5/20, 13:43:45:750 EST] 000000f0 com.ibm.ws.util                                              I SESN0172I: The session manager is using the Java default SecureRandom implementation for session ID generation.
[3/5/20, 13:43:45:764 EST] 00000104 com.ibm.ws.webcontainer.osgi.mbeans.PluginGenerator          I SRVE9103I: A configuration file for a web server plugin was automatically generated for this server at /Users/dilloncarns/Projects/appmod-sampleapp/target/liberty/wlp/usr/servers/defaultServer/logs/state/plugin-cfg.xml.
[3/5/20, 13:43:55:143 EST] 0000009e com.ibm.ws.http.internal.VirtualHostImpl                     A CWWKT0017I: Web application removed (default_host): http://dillons-mbp.raleigh.ibm.com:9080/
[3/5/20, 13:43:55:148 EST] 0000009e com.ibm.ws.app.manager.AppMessageHelper                      A CWWKZ0009I: The application guide-microprofile-rest-client has stopped successfully.
[3/5/20, 13:43:55:151 EST] 0000009e com.ibm.ws.app.manager.AppMessageHelper                      I CWWKZ0018I: Starting application guide-microprofile-rest-client.
[3/5/20, 13:43:55:151 EST] 0000009e bm.ws.app.manager.war.internal.WARDeployedAppInfoFactoryImpl I CWWKZ0134I: The guide-microprofile-rest-client application is using the loose application definition at the /Users/dilloncarns/Projects/appmod-sampleapp/target/liberty/wlp/usr/servers/defaultServer/apps/guide-microprofile-rest-client.war.xml location.
[3/5/20, 13:43:55:158 EST] 000000f4 com.ibm.ws.webcontainer.osgi.mbeans.PluginGenerator          I SRVE9103I: A configuration file for a web server plugin was automatically generated for this server at /Users/dilloncarns/Projects/appmod-sampleapp/target/liberty/wlp/usr/servers/defaultServer/logs/state/plugin-cfg.xml.
[3/5/20, 13:43:55:269 EST] 0000009e com.ibm.ws.webcontainer.osgi.webapp.WebGroup                 I SRVE0169I: Loading Web Module: Liberty Project.
[3/5/20, 13:43:55:269 EST] 0000009e com.ibm.ws.webcontainer                                      I SRVE0250I: Web Module Liberty Project has been bound to default_host.
[3/5/20, 13:43:55:269 EST] 0000009e com.ibm.ws.http.internal.VirtualHostImpl                     A CWWKT0016I: Web application available (default_host): http://dillons-mbp.raleigh.ibm.com:9080/
[3/5/20, 13:43:55:270 EST] 0000009e com.ibm.ws.app.manager.AppMessageHelper                      A CWWKZ0003I: The application guide-microprofile-rest-client updated in 0.119 seconds.
[3/5/20, 13:43:55:270 EST] 00000042 com.ibm.ws.session.WASSessionCore                            I SESN0176I: A new session context will be created for application key default_host/
[3/5/20, 13:43:55:270 EST] 00000042 com.ibm.ws.util                                              I SESN0172I: The session manager is using the Java default SecureRandom implementation for session ID generation.
[3/5/20, 13:43:55:283 EST] 000000ed com.ibm.ws.webcontainer.osgi.mbeans.PluginGenerator          I SRVE9103I: A configuration file for a web server plugin was automatically generated for this server at /Users/dilloncarns/Projects/appmod-sampleapp/target/liberty/wlp/usr/servers/defaultServer/logs/state/plugin-cfg.xml.
[3/5/20, 13:44:10:679 EST] 00000042 com.ibm.ws.http.internal.VirtualHostImpl                     A CWWKT0017I: Web application removed (default_host): http://dillons-mbp.raleigh.ibm.com:9080/
[3/5/20, 13:44:10:683 EST] 00000042 com.ibm.ws.app.manager.AppMessageHelper                      A CWWKZ0009I: The application guide-microprofile-rest-client has stopped successfully.
[3/5/20, 13:44:10:685 EST] 00000042 com.ibm.ws.app.manager.AppMessageHelper                      I CWWKZ0018I: Starting application guide-microprofile-rest-client.
[3/5/20, 13:44:10:685 EST] 00000042 bm.ws.app.manager.war.internal.WARDeployedAppInfoFactoryImpl I CWWKZ0134I: The guide-microprofile-rest-client application is using the loose application definition at the /Users/dilloncarns/Projects/appmod-sampleapp/target/liberty/wlp/usr/servers/defaultServer/apps/guide-microprofile-rest-client.war.xml location.
[3/5/20, 13:44:10:692 EST] 000000b5 com.ibm.ws.webcontainer.osgi.mbeans.PluginGenerator          I SRVE9103I: A configuration file for a web server plugin was automatically generated for this server at /Users/dilloncarns/Projects/appmod-sampleapp/target/liberty/wlp/usr/servers/defaultServer/logs/state/plugin-cfg.xml.
[3/5/20, 13:44:10:738 EST] 00000042 com.ibm.ws.logging.internal.impl.IncidentImpl                I FFDC1015I: An FFDC Incident has been created: "java.lang.NoClassDefFoundError: LXKCDManager; com.ibm.ws.injectionengine.InjectionProcessorManager.getAllDeclaredFields 249" at ffdc_20.03.05_13.44.10.0.log
[3/5/20, 13:44:10:740 EST] 00000042 com.ibm.ws.injectionengine.InjectionProcessorManager         W CWNEN0047W: Resource annotations on the fields of the io.openliberty.guides.inventory.WebResource class will be ignored. The annotations could not be obtained because of the exception : java.lang.NoClassDefFoundError: LXKCDManager;
[3/5/20, 13:44:10:756 EST] 00000042 org.jboss.weld.Bootstrap                                     I WELD-000119: Not generating any bean definitions from io.openliberty.guides.inventory.WebResource because of underlying class loading error: Type XKCDManager not found.  If this is unexpected, enable DEBUG logging to see the full error.
[3/5/20, 13:44:10:841 EST] 00000042 com.ibm.ws.logging.internal.impl.IncidentImpl                I FFDC1015I: An FFDC Incident has been created: "org.jboss.weld.resources.spi.ResourceLoadingException: Error while loading class io.openliberty.guides.inventory.WebResource com.ibm.ws.cdi.impl.weld.BeanDeploymentArchiveImpl 894" at ffdc_20.03.05_13.44.10.1.log
[3/5/20, 13:44:10:870 EST] 00000042 com.ibm.ws.webcontainer.osgi.webapp.WebGroup                 I SRVE0169I: Loading Web Module: Liberty Project.
[3/5/20, 13:44:10:870 EST] 00000042 com.ibm.ws.webcontainer                                      I SRVE0250I: Web Module Liberty Project has been bound to default_host.
[3/5/20, 13:44:10:870 EST] 00000042 com.ibm.ws.http.internal.VirtualHostImpl                     A CWWKT0016I: Web application available (default_host): http://dillons-mbp.raleigh.ibm.com:9080/
[3/5/20, 13:44:10:871 EST] 00000042 com.ibm.ws.app.manager.AppMessageHelper                      A CWWKZ0003I: The application guide-microprofile-rest-client updated in 0.186 seconds.
[3/5/20, 13:44:10:871 EST] 000000b8 com.ibm.ws.session.WASSessionCore                            I SESN0176I: A new session context will be created for application key default_host/
[3/5/20, 13:44:10:871 EST] 000000b8 com.ibm.ws.util                                              I SESN0172I: The session manager is using the Java default SecureRandom implementation for session ID generation.
[3/5/20, 13:44:10:883 EST] 00000104 com.ibm.ws.webcontainer.osgi.mbeans.PluginGenerator          I SRVE9103I: A configuration file for a web server plugin was automatically generated for this server at /Users/dilloncarns/Projects/appmod-sampleapp/target/liberty/wlp/usr/servers/defaultServer/logs/state/plugin-cfg.xml.
[3/5/20, 13:44:12:124 EST] 000000ca com.ibm.ws.http.internal.VirtualHostImpl                     A CWWKT0017I: Web application removed (default_host): http://dillons-mbp.raleigh.ibm.com:9080/
[3/5/20, 13:44:12:128 EST] 000000ca com.ibm.ws.app.manager.AppMessageHelper                      A CWWKZ0009I: The application guide-microprofile-rest-client has stopped successfully.
[3/5/20, 13:44:12:131 EST] 000000ca com.ibm.ws.app.manager.AppMessageHelper                      I CWWKZ0018I: Starting application guide-microprofile-rest-client.
[3/5/20, 13:44:12:131 EST] 000000ca bm.ws.app.manager.war.internal.WARDeployedAppInfoFactoryImpl I CWWKZ0134I: The guide-microprofile-rest-client application is using the loose application definition at the /Users/dilloncarns/Projects/appmod-sampleapp/target/liberty/wlp/usr/servers/defaultServer/apps/guide-microprofile-rest-client.war.xml location.
[3/5/20, 13:44:12:139 EST] 000000b8 com.ibm.ws.webcontainer.osgi.mbeans.PluginGenerator          I SRVE9103I: A configuration file for a web server plugin was automatically generated for this server at /Users/dilloncarns/Projects/appmod-sampleapp/target/liberty/wlp/usr/servers/defaultServer/logs/state/plugin-cfg.xml.
[3/5/20, 13:44:12:227 EST] 000000ca com.ibm.ws.webcontainer.osgi.webapp.WebGroup                 I SRVE0169I: Loading Web Module: Liberty Project.
[3/5/20, 13:44:12:227 EST] 000000ca com.ibm.ws.webcontainer                                      I SRVE0250I: Web Module Liberty Project has been bound to default_host.
[3/5/20, 13:44:12:227 EST] 000000ca com.ibm.ws.http.internal.VirtualHostImpl                     A CWWKT0016I: Web application available (default_host): http://dillons-mbp.raleigh.ibm.com:9080/
[3/5/20, 13:44:12:228 EST] 000000ca com.ibm.ws.app.manager.AppMessageHelper                      A CWWKZ0003I: The application guide-microprofile-rest-client updated in 0.097 seconds.
[3/5/20, 13:44:12:228 EST] 000000b8 com.ibm.ws.session.WASSessionCore                            I SESN0176I: A new session context will be created for application key default_host/
[3/5/20, 13:44:12:228 EST] 000000b8 com.ibm.ws.util                                              I SESN0172I: The session manager is using the Java default SecureRandom implementation for session ID generation.
[3/5/20, 13:44:12:239 EST] 00000133 com.ibm.ws.webcontainer.osgi.mbeans.PluginGenerator          I SRVE9103I: A configuration file for a web server plugin was automatically generated for this server at /Users/dilloncarns/Projects/appmod-sampleapp/target/liberty/wlp/usr/servers/defaultServer/logs/state/plugin-cfg.xml.
[3/5/20, 13:44:27:653 EST] 00000104 com.ibm.ws.http.internal.VirtualHostImpl                     A CWWKT0017I: Web application removed (default_host): http://dillons-mbp.raleigh.ibm.com:9080/
[3/5/20, 13:44:27:657 EST] 00000104 com.ibm.ws.app.manager.AppMessageHelper                      A CWWKZ0009I: The application guide-microprofile-rest-client has stopped successfully.
[3/5/20, 13:44:27:661 EST] 00000104 com.ibm.ws.app.manager.AppMessageHelper                      I CWWKZ0018I: Starting application guide-microprofile-rest-client.
[3/5/20, 13:44:27:661 EST] 00000104 bm.ws.app.manager.war.internal.WARDeployedAppInfoFactoryImpl I CWWKZ0134I: The guide-microprofile-rest-client application is using the loose application definition at the /Users/dilloncarns/Projects/appmod-sampleapp/target/liberty/wlp/usr/servers/defaultServer/apps/guide-microprofile-rest-client.war.xml location.
[3/5/20, 13:44:27:668 EST] 00000130 com.ibm.ws.webcontainer.osgi.mbeans.PluginGenerator          I SRVE9103I: A configuration file for a web server plugin was automatically generated for this server at /Users/dilloncarns/Projects/appmod-sampleapp/target/liberty/wlp/usr/servers/defaultServer/logs/state/plugin-cfg.xml.
[3/5/20, 13:44:27:777 EST] 00000104 com.ibm.ws.webcontainer.osgi.webapp.WebGroup                 I SRVE0169I: Loading Web Module: Liberty Project.
[3/5/20, 13:44:27:777 EST] 00000104 com.ibm.ws.webcontainer                                      I SRVE0250I: Web Module Liberty Project has been bound to default_host.
[3/5/20, 13:44:27:777 EST] 00000104 com.ibm.ws.http.internal.VirtualHostImpl                     A CWWKT0016I: Web application available (default_host): http://dillons-mbp.raleigh.ibm.com:9080/
[3/5/20, 13:44:27:777 EST] 00000104 com.ibm.ws.app.manager.AppMessageHelper                      A CWWKZ0003I: The application guide-microprofile-rest-client updated in 0.116 seconds.
[3/5/20, 13:44:27:778 EST] 0000005b com.ibm.ws.session.WASSessionCore                            I SESN0176I: A new session context will be created for application key default_host/
[3/5/20, 13:44:27:778 EST] 0000005b com.ibm.ws.util                                              I SESN0172I: The session manager is using the Java default SecureRandom implementation for session ID generation.
[3/5/20, 13:44:27:789 EST] 000000fe com.ibm.ws.webcontainer.osgi.mbeans.PluginGenerator          I SRVE9103I: A configuration file for a web server plugin was automatically generated for this server at /Users/dilloncarns/Projects/appmod-sampleapp/target/liberty/wlp/usr/servers/defaultServer/logs/state/plugin-cfg.xml.
[3/5/20, 13:44:33:127 EST] 000000a4 com.ibm.ws.http.internal.VirtualHostImpl                     A CWWKT0017I: Web application removed (default_host): http://dillons-mbp.raleigh.ibm.com:9080/
[3/5/20, 13:44:33:131 EST] 000000a4 com.ibm.ws.app.manager.AppMessageHelper                      A CWWKZ0009I: The application guide-microprofile-rest-client has stopped successfully.
[3/5/20, 13:44:33:134 EST] 000000a4 com.ibm.ws.app.manager.AppMessageHelper                      I CWWKZ0018I: Starting application guide-microprofile-rest-client.
[3/5/20, 13:44:33:135 EST] 000000a4 bm.ws.app.manager.war.internal.WARDeployedAppInfoFactoryImpl I CWWKZ0134I: The guide-microprofile-rest-client application is using the loose application definition at the /Users/dilloncarns/Projects/appmod-sampleapp/target/liberty/wlp/usr/servers/defaultServer/apps/guide-microprofile-rest-client.war.xml location.
[3/5/20, 13:44:33:143 EST] 000000fe com.ibm.ws.webcontainer.osgi.mbeans.PluginGenerator          I SRVE9103I: A configuration file for a web server plugin was automatically generated for this server at /Users/dilloncarns/Projects/appmod-sampleapp/target/liberty/wlp/usr/servers/defaultServer/logs/state/plugin-cfg.xml.
[3/5/20, 13:44:33:245 EST] 000000a4 com.ibm.ws.webcontainer.osgi.webapp.WebGroup                 I SRVE0169I: Loading Web Module: Liberty Project.
[3/5/20, 13:44:33:245 EST] 000000a4 com.ibm.ws.webcontainer                                      I SRVE0250I: Web Module Liberty Project has been bound to default_host.
[3/5/20, 13:44:33:245 EST] 000000a4 com.ibm.ws.http.internal.VirtualHostImpl                     A CWWKT0016I: Web application available (default_host): http://dillons-mbp.raleigh.ibm.com:9080/
[3/5/20, 13:44:33:245 EST] 000000a4 com.ibm.ws.app.manager.AppMessageHelper                      A CWWKZ0003I: The application guide-microprofile-rest-client updated in 0.111 seconds.
[3/5/20, 13:44:33:246 EST] 000000ca com.ibm.ws.session.WASSessionCore                            I SESN0176I: A new session context will be created for application key default_host/
[3/5/20, 13:44:33:246 EST] 000000ca com.ibm.ws.util                                              I SESN0172I: The session manager is using the Java default SecureRandom implementation for session ID generation.
[3/5/20, 13:44:33:256 EST] 0000005b com.ibm.ws.webcontainer.osgi.mbeans.PluginGenerator          I SRVE9103I: A configuration file for a web server plugin was automatically generated for this server at /Users/dilloncarns/Projects/appmod-sampleapp/target/liberty/wlp/usr/servers/defaultServer/logs/state/plugin-cfg.xml.
[3/5/20, 13:44:34:074 EST] 000000b5 com.ibm.ws.http.internal.VirtualHostImpl                     A CWWKT0017I: Web application removed (default_host): http://dillons-mbp.raleigh.ibm.com:9080/
[3/5/20, 13:44:34:078 EST] 000000b5 com.ibm.ws.app.manager.AppMessageHelper                      A CWWKZ0009I: The application guide-microprofile-rest-client has stopped successfully.
[3/5/20, 13:44:34:080 EST] 000000b5 com.ibm.ws.app.manager.AppMessageHelper                      I CWWKZ0018I: Starting application guide-microprofile-rest-client.
[3/5/20, 13:44:34:081 EST] 000000b5 bm.ws.app.manager.war.internal.WARDeployedAppInfoFactoryImpl I CWWKZ0134I: The guide-microprofile-rest-client application is using the loose application definition at the /Users/dilloncarns/Projects/appmod-sampleapp/target/liberty/wlp/usr/servers/defaultServer/apps/guide-microprofile-rest-client.war.xml location.
[3/5/20, 13:44:34:088 EST] 00000130 com.ibm.ws.webcontainer.osgi.mbeans.PluginGenerator          I SRVE9103I: A configuration file for a web server plugin was automatically generated for this server at /Users/dilloncarns/Projects/appmod-sampleapp/target/liberty/wlp/usr/servers/defaultServer/logs/state/plugin-cfg.xml.
[3/5/20, 13:44:34:182 EST] 000000b5 com.ibm.ws.webcontainer.osgi.webapp.WebGroup                 I SRVE0169I: Loading Web Module: Liberty Project.
[3/5/20, 13:44:34:182 EST] 000000b5 com.ibm.ws.webcontainer                                      I SRVE0250I: Web Module Liberty Project has been bound to default_host.
[3/5/20, 13:44:34:182 EST] 000000b5 com.ibm.ws.http.internal.VirtualHostImpl                     A CWWKT0016I: Web application available (default_host): http://dillons-mbp.raleigh.ibm.com:9080/
[3/5/20, 13:44:34:183 EST] 000000b5 com.ibm.ws.app.manager.AppMessageHelper                      A CWWKZ0003I: The application guide-microprofile-rest-client updated in 0.103 seconds.
[3/5/20, 13:44:34:184 EST] 0000012b com.ibm.ws.session.WASSessionCore                            I SESN0176I: A new session context will be created for application key default_host/
[3/5/20, 13:44:34:184 EST] 0000012b com.ibm.ws.util                                              I SESN0172I: The session manager is using the Java default SecureRandom implementation for session ID generation.
[3/5/20, 13:44:34:197 EST] 000000f0 com.ibm.ws.webcontainer.osgi.mbeans.PluginGenerator          I SRVE9103I: A configuration file for a web server plugin was automatically generated for this server at /Users/dilloncarns/Projects/appmod-sampleapp/target/liberty/wlp/usr/servers/defaultServer/logs/state/plugin-cfg.xml.
[3/5/20, 13:44:38:205 EST] 0000012f .apache.cxf.cxf.core.3.2:1.0.37.cl200220200204-1746(id=132)] I Setting the server's publish address to be /app/
[3/5/20, 13:44:38:209 EST] 0000012f com.ibm.ws.webcontainer.servlet                              I SRVE0242I: [guide-microprofile-rest-client] [/] [io.openliberty.guides.inventory.MainApplication]: Initialization successful.
[3/5/20, 13:53:02:171 EST] 00000014 com.ibm.ws.kernel.launch.internal.FrameworkManager           A CWWKE0085I: The server defaultServer is stopping because the JVM is exiting.
[3/5/20, 13:53:02:173 EST] 00000179 com.ibm.ws.runtime.update.internal.RuntimeUpdateManagerImpl  A CWWKE1100I: Waiting for up to 30 seconds for the server to quiesce.
[3/5/20, 13:53:02:180 EST] 000000ca com.ibm.ws.tcpchannel.internal.TCPChannel                    I CWWKO0220I: TCP Channel defaultHttpEndpoint has stopped listening for requests on host *  (IPv6) port 9080.
[3/5/20, 13:53:02:181 EST] 000000ca com.ibm.ws.http.internal.VirtualHostImpl                     A CWWKT0017I: Web application removed (default_host): http://dillons-mbp.raleigh.ibm.com:9080/
[3/5/20, 13:53:02:411 EST] 00000015 com.ibm.ws.kernel.launch.internal.ServerCommandListener      A CWWKE0055I: Server shutdown requested on Thursday, March 5, 2020 at 1:53 PM. The server defaultServer is shutting down.
[3/5/20, 13:53:03:186 EST] 00000179 com.ibm.ws.runtime.update.internal.RuntimeUpdateManagerImpl  I CWWKE1101I: Server quiesce complete.
[3/5/20, 13:53:03:205 EST] 0000005b com.ibm.ws.app.manager.AppMessageHelper                      A CWWKZ0009I: The application guide-microprofile-rest-client has stopped successfully.
[3/5/20, 13:53:03:526 EST] 00000001 com.ibm.ws.kernel.launch.internal.FrameworkManager           A CWWKE0036I: The server defaultServer stopped after 22 minutes, 59.309 seconds.
