********************************************************************************
product = Open Liberty 20.0.0.3 (wlp-1.0.38.cl200320200305-1433)
wlp.install.dir = /Users/dennismila/Desktop/backend-openliberty-demo/target/liberty/wlp/
java.home = /usr/local/Cellar/openjdk/13.0.2+8_2/libexec/openjdk.jdk/Contents/Home
java.version = 13.0.2
java.runtime = OpenJDK Runtime Environment (13.0.2+8)
os = Mac OS X (10.15.3; x86_64) (en_US)
process = 28198@denniss-mbp
********************************************************************************
[3/23/20, 15:33:30:469 EDT] 00000001 com.ibm.ws.kernel.launch.internal.FrameworkManager           A CWWKE0001I: The server defaultServer has been launched.
[3/23/20, 15:33:30:948 EDT] 0000001b com.ibm.ws.config.xml.internal.ServerXMLConfiguration        A CWWKG0093A: Processing configuration drop-ins resource: /Users/dennismila/Desktop/backend-openliberty-demo/target/liberty/wlp/usr/servers/defaultServer/configDropins/overrides/liberty-plugin-variable-config.xml
[3/23/20, 15:33:31:148 EDT] 00000001 com.ibm.ws.kernel.launch.internal.FrameworkManager           I CWWKE0002I: The kernel started after 0.874 seconds
[3/23/20, 15:33:31:161 EDT] 00000023 com.ibm.ws.kernel.feature.internal.FeatureManager            I CWWKF0007I: Feature update started.
[3/23/20, 15:33:31:292 EDT] 0000001a .apache.cxf.cxf.core.3.2:1.0.38.cl200320200305-1433(id=132)] I Aries Blueprint packages not available. So namespaces will not be registered
[3/23/20, 15:33:31:295 EDT] 0000001a .apache.cxf.cxf.core.3.2:1.0.38.cl200320200305-1433(id=132)] I Aries Blueprint packages not available. So namespaces will not be registered
[3/23/20, 15:33:31:413 EDT] 00000018 com.ibm.ws.app.manager.internal.monitor.DropinMonitor        A CWWKZ0058I: Monitoring dropins for applications.
[3/23/20, 15:33:31:466 EDT] 00000019 com.ibm.ws.annocache.service                                 I OSGi Work Path [ /Users/dennismila/Desktop/backend-openliberty-demo/target/liberty/wlp/usr/servers/defaultServer/workarea/org.eclipse.osgi/41/data ]
[3/23/20, 15:33:32:039 EDT] 0000002c com.ibm.ws.app.manager.AppMessageHelper                      I CWWKZ0018I: Starting application voidbackend.
[3/23/20, 15:33:32:041 EDT] 0000002c bm.ws.app.manager.war.internal.WARDeployedAppInfoFactoryImpl I CWWKZ0134I: The voidbackend application is using the loose application definition at the /Users/dennismila/Desktop/backend-openliberty-demo/target/liberty/wlp/usr/servers/defaultServer/apps/voidbackend.war.xml location.
[3/23/20, 15:33:32:707 EDT] 0000002c com.ibm.ws.session.WASSessionCore                            I SESN8501I: The session manager did not find a persistent storage location; HttpSession objects will be stored in the local application server's memory.
[3/23/20, 15:33:32:738 EDT] 0000002c org.jboss.weld.Version                                       I WELD-000900: 3.1.1 (Final)
[3/23/20, 15:33:33:689 EDT] 0000002c com.ibm.ws.webcontainer.osgi.webapp.WebGroup                 I SRVE0169I: Loading Web Module: Liberty Project.
[3/23/20, 15:33:33:692 EDT] 0000002c com.ibm.ws.webcontainer                                      I SRVE0250I: Web Module Liberty Project has been bound to default_host.
[3/23/20, 15:33:33:694 EDT] 0000002c com.ibm.ws.http.internal.VirtualHostImpl                     A CWWKT0016I: Web application available (default_host): http://denniss-mbp:9080/
[3/23/20, 15:33:33:699 EDT] 0000002c com.ibm.ws.app.manager.AppMessageHelper                      A CWWKZ0001I: Application voidbackend started in 1.660 seconds.
[3/23/20, 15:33:33:719 EDT] 00000039 com.ibm.ws.session.WASSessionCore                            I SESN0176I: A new session context will be created for application key default_host/
[3/23/20, 15:33:33:728 EDT] 00000023 com.ibm.ws.tcpchannel.internal.TCPPort                       I CWWKO0219I: TCP Channel defaultHttpEndpoint has been started and is now listening for requests on host *  (IPv6) port 9080.
[3/23/20, 15:33:33:731 EDT] 00000039 com.ibm.ws.util                                              I SESN0172I: The session manager is using the Java default SecureRandom implementation for session ID generation.
[3/23/20, 15:33:33:737 EDT] 00000023 com.ibm.ws.kernel.feature.internal.FeatureManager            A CWWKF0012I: The server installed the following features: [cdi-2.0, jaxrs-2.1, jaxrsClient-2.1, jndi-1.0, jsonp-1.1, mpConfig-1.3, mpRestClient-1.3, servlet-4.0].
[3/23/20, 15:33:33:738 EDT] 00000023 com.ibm.ws.kernel.feature.internal.FeatureManager            I CWWKF0008I: Feature update completed in 2.590 seconds.
[3/23/20, 15:33:33:738 EDT] 00000023 com.ibm.ws.kernel.feature.internal.FeatureManager            A CWWKF0011I: The defaultServer server is ready to run a smarter planet. The defaultServer server started in 3.468 seconds.
[3/23/20, 15:33:33:762 EDT] 0000003d com.ibm.ws.webcontainer.osgi.mbeans.PluginGenerator          I SRVE9103I: A configuration file for a web server plugin was automatically generated for this server at /Users/dennismila/Desktop/backend-openliberty-demo/target/liberty/wlp/usr/servers/defaultServer/logs/state/plugin-cfg.xml.
[3/23/20, 15:33:42:235 EDT] 0000002b com.ibm.ws.http.internal.VirtualHostImpl                     A CWWKT0017I: Web application removed (default_host): http://denniss-mbp:9080/
[3/23/20, 15:33:42:268 EDT] 0000002b com.ibm.ws.app.manager.AppMessageHelper                      A CWWKZ0009I: The application voidbackend has stopped successfully.
[3/23/20, 15:33:42:276 EDT] 0000002b com.ibm.ws.app.manager.AppMessageHelper                      I CWWKZ0018I: Starting application voidbackend.
[3/23/20, 15:33:42:277 EDT] 0000002b bm.ws.app.manager.war.internal.WARDeployedAppInfoFactoryImpl I CWWKZ0134I: The voidbackend application is using the loose application definition at the /Users/dennismila/Desktop/backend-openliberty-demo/target/liberty/wlp/usr/servers/defaultServer/apps/voidbackend.war.xml location.
[3/23/20, 15:33:42:540 EDT] 0000003f com.ibm.ws.webcontainer.osgi.mbeans.PluginGenerator          I SRVE9103I: A configuration file for a web server plugin was automatically generated for this server at /Users/dennismila/Desktop/backend-openliberty-demo/target/liberty/wlp/usr/servers/defaultServer/logs/state/plugin-cfg.xml.
[3/23/20, 15:33:42:768 EDT] 0000002b com.ibm.ws.webcontainer.osgi.webapp.WebGroup                 I SRVE0169I: Loading Web Module: Liberty Project.
[3/23/20, 15:33:42:768 EDT] 0000002b com.ibm.ws.webcontainer                                      I SRVE0250I: Web Module Liberty Project has been bound to default_host.
[3/23/20, 15:33:42:769 EDT] 0000002b com.ibm.ws.http.internal.VirtualHostImpl                     A CWWKT0016I: Web application available (default_host): http://denniss-mbp:9080/
[3/23/20, 15:33:42:771 EDT] 0000002b com.ibm.ws.app.manager.AppMessageHelper                      A CWWKZ0003I: The application voidbackend updated in 0.495 seconds.
[3/23/20, 15:33:42:771 EDT] 00000033 com.ibm.ws.session.WASSessionCore                            I SESN0176I: A new session context will be created for application key default_host/
[3/23/20, 15:33:42:772 EDT] 00000033 com.ibm.ws.util                                              I SESN0172I: The session manager is using the Java default SecureRandom implementation for session ID generation.
[3/23/20, 15:33:42:789 EDT] 0000003f com.ibm.ws.webcontainer.osgi.mbeans.PluginGenerator          I SRVE9103I: A configuration file for a web server plugin was automatically generated for this server at /Users/dennismila/Desktop/backend-openliberty-demo/target/liberty/wlp/usr/servers/defaultServer/logs/state/plugin-cfg.xml.
[3/23/20, 15:34:05:770 EDT] 00000033 .apache.cxf.cxf.core.3.2:1.0.38.cl200320200305-1433(id=132)] I Setting the server's publish address to be /
[3/23/20, 15:34:05:836 EDT] 00000033 com.ibm.ws.webcontainer.servlet                              I SRVE0242I: [voidbackend] [/] [io.openliberty.guides.application.MainApplication]: Initialization successful.
[3/23/20, 15:34:48:020 EDT] 0000003b xf.rt.frontend.jaxrs.3.2:1.0.38.cl200320200305-1433(id=138)] W javax.ws.rs.ClientErrorException: HTTP 405 Method Not Allowed
	at org.apache.cxf.jaxrs.utils.SpecExceptions.toHttpException(SpecExceptions.java:117)
	at org.apache.cxf.jaxrs.utils.ExceptionUtils.toHttpException(ExceptionUtils.java:167)
	at org.apache.cxf.jaxrs.utils.JAXRSUtils.findTargetMethod(JAXRSUtils.java:555)
	at org.apache.cxf.jaxrs.interceptor.JAXRSInInterceptor.processRequest(JAXRSInInterceptor.java:238)
	at org.apache.cxf.jaxrs.interceptor.JAXRSInInterceptor.handleMessage(JAXRSInInterceptor.java:89)
	at org.apache.cxf.phase.PhaseInterceptorChain.doIntercept(PhaseInterceptorChain.java:308)
	at org.apache.cxf.transport.ChainInitiationObserver.onMessage(ChainInitiationObserver.java:124)
	at org.apache.cxf.transport.http.AbstractHTTPDestination.invoke(AbstractHTTPDestination.java:274)
	at com.ibm.ws.jaxrs20.endpoint.AbstractJaxRsWebEndpoint.invoke(AbstractJaxRsWebEndpoint.java:134)
	at com.ibm.websphere.jaxrs.server.IBMRestServlet.handleRequest(IBMRestServlet.java:146)
	at com.ibm.websphere.jaxrs.server.IBMRestServlet.doGet(IBMRestServlet.java:112)
	at javax.servlet.http.HttpServlet.service(HttpServlet.java:686)
	at com.ibm.websphere.jaxrs.server.IBMRestServlet.service(IBMRestServlet.java:96)
	at com.ibm.ws.webcontainer.servlet.ServletWrapper.service(ServletWrapper.java:1230)
	at com.ibm.ws.webcontainer.servlet.ServletWrapper.handleRequest(ServletWrapper.java:729)
	at com.ibm.ws.webcontainer.servlet.ServletWrapper.handleRequest(ServletWrapper.java:426)
	at com.ibm.ws.webcontainer.filter.WebAppFilterManager.invokeFilters(WebAppFilterManager.java:1226)
	at com.ibm.ws.webcontainer.webapp.WebApp.handleRequest(WebApp.java:5021)
	at com.ibm.ws.webcontainer.osgi.DynamicVirtualHost$2.handleRequest(DynamicVirtualHost.java:314)
	at com.ibm.ws.webcontainer.WebContainer.handleRequest(WebContainer.java:1007)
	at com.ibm.ws.webcontainer.osgi.DynamicVirtualHost$2.run(DynamicVirtualHost.java:279)
	at com.ibm.ws.http.dispatcher.internal.channel.HttpDispatcherLink$TaskWrapper.run(HttpDispatcherLink.java:1134)
	at com.ibm.ws.http.dispatcher.internal.channel.HttpDispatcherLink.wrapHandlerAndExecute(HttpDispatcherLink.java:415)
	at com.ibm.ws.http.dispatcher.internal.channel.HttpDispatcherLink.ready(HttpDispatcherLink.java:374)
	at com.ibm.ws.http.channel.internal.inbound.HttpInboundLink.handleDiscrimination(HttpInboundLink.java:548)
	at com.ibm.ws.http.channel.internal.inbound.HttpInboundLink.handleNewRequest(HttpInboundLink.java:482)
	at com.ibm.ws.http.channel.internal.inbound.HttpInboundLink.processRequest(HttpInboundLink.java:347)
	at com.ibm.ws.http.channel.internal.inbound.HttpInboundLink.ready(HttpInboundLink.java:318)
	at com.ibm.ws.tcpchannel.internal.NewConnectionInitialReadCallback.sendToDiscriminators(NewConnectionInitialReadCallback.java:167)
	at com.ibm.ws.tcpchannel.internal.NewConnectionInitialReadCallback.complete(NewConnectionInitialReadCallback.java:75)
	at com.ibm.ws.tcpchannel.internal.WorkQueueManager.requestComplete(WorkQueueManager.java:504)
	at com.ibm.ws.tcpchannel.internal.WorkQueueManager.attemptIO(WorkQueueManager.java:574)
	at com.ibm.ws.tcpchannel.internal.WorkQueueManager.workerRun(WorkQueueManager.java:958)
	at com.ibm.ws.tcpchannel.internal.WorkQueueManager$Worker.run(WorkQueueManager.java:1047)
	at com.ibm.ws.threading.internal.ExecutorServiceImpl$RunnableWrapper.run(ExecutorServiceImpl.java:239)
	at java.base/java.util.concurrent.ThreadPoolExecutor.runWorker(ThreadPoolExecutor.java:1128)
	at java.base/java.util.concurrent.ThreadPoolExecutor$Worker.run(ThreadPoolExecutor.java:628)
	at java.base/java.lang.Thread.run(Thread.java:830)

[3/23/20, 15:35:40:205 EDT] 00000059 com.ibm.ws.http.internal.VirtualHostImpl                     A CWWKT0017I: Web application removed (default_host): http://denniss-mbp:9080/
[3/23/20, 15:35:40:207 EDT] 00000059 com.ibm.ws.webcontainer.servlet                              I SRVE0253I: [voidbackend] [/] [io.openliberty.guides.application.MainApplication]: Destroy successful.
[3/23/20, 15:35:40:222 EDT] 00000059 com.ibm.ws.app.manager.AppMessageHelper                      A CWWKZ0009I: The application voidbackend has stopped successfully.
[3/23/20, 15:35:40:228 EDT] 00000059 com.ibm.ws.app.manager.AppMessageHelper                      I CWWKZ0018I: Starting application voidbackend.
[3/23/20, 15:35:40:229 EDT] 00000059 bm.ws.app.manager.war.internal.WARDeployedAppInfoFactoryImpl I CWWKZ0134I: The voidbackend application is using the loose application definition at the /Users/dennismila/Desktop/backend-openliberty-demo/target/liberty/wlp/usr/servers/defaultServer/apps/voidbackend.war.xml location.
[3/23/20, 15:35:40:252 EDT] 00000042 com.ibm.ws.webcontainer.osgi.mbeans.PluginGenerator          I SRVE9103I: A configuration file for a web server plugin was automatically generated for this server at /Users/dennismila/Desktop/backend-openliberty-demo/target/liberty/wlp/usr/servers/defaultServer/logs/state/plugin-cfg.xml.
[3/23/20, 15:35:40:740 EDT] 00000059 com.ibm.ws.webcontainer.osgi.webapp.WebGroup                 I SRVE0169I: Loading Web Module: Liberty Project.
[3/23/20, 15:35:40:740 EDT] 00000059 com.ibm.ws.webcontainer                                      I SRVE0250I: Web Module Liberty Project has been bound to default_host.
[3/23/20, 15:35:40:740 EDT] 00000059 com.ibm.ws.http.internal.VirtualHostImpl                     A CWWKT0016I: Web application available (default_host): http://denniss-mbp:9080/
[3/23/20, 15:35:40:742 EDT] 00000059 com.ibm.ws.app.manager.AppMessageHelper                      A CWWKZ0003I: The application voidbackend updated in 0.514 seconds.
[3/23/20, 15:35:40:742 EDT] 0000003e com.ibm.ws.session.WASSessionCore                            I SESN0176I: A new session context will be created for application key default_host/
[3/23/20, 15:35:40:742 EDT] 0000003e com.ibm.ws.util                                              I SESN0172I: The session manager is using the Java default SecureRandom implementation for session ID generation.
[3/23/20, 15:35:40:772 EDT] 00000036 com.ibm.ws.webcontainer.osgi.mbeans.PluginGenerator          I SRVE9103I: A configuration file for a web server plugin was automatically generated for this server at /Users/dennismila/Desktop/backend-openliberty-demo/target/liberty/wlp/usr/servers/defaultServer/logs/state/plugin-cfg.xml.
[3/23/20, 15:35:42:219 EDT] 00000037 com.ibm.ws.http.internal.VirtualHostImpl                     A CWWKT0017I: Web application removed (default_host): http://denniss-mbp:9080/
[3/23/20, 15:35:42:231 EDT] 00000037 com.ibm.ws.app.manager.AppMessageHelper                      A CWWKZ0009I: The application voidbackend has stopped successfully.
[3/23/20, 15:35:42:240 EDT] 00000037 com.ibm.ws.app.manager.AppMessageHelper                      I CWWKZ0018I: Starting application voidbackend.
[3/23/20, 15:35:42:240 EDT] 00000037 bm.ws.app.manager.war.internal.WARDeployedAppInfoFactoryImpl I CWWKZ0134I: The voidbackend application is using the loose application definition at the /Users/dennismila/Desktop/backend-openliberty-demo/target/liberty/wlp/usr/servers/defaultServer/apps/voidbackend.war.xml location.
[3/23/20, 15:35:42:251 EDT] 00000040 com.ibm.ws.webcontainer.osgi.mbeans.PluginGenerator          I SRVE9103I: A configuration file for a web server plugin was automatically generated for this server at /Users/dennismila/Desktop/backend-openliberty-demo/target/liberty/wlp/usr/servers/defaultServer/logs/state/plugin-cfg.xml.
[3/23/20, 15:35:42:657 EDT] 00000037 com.ibm.ws.webcontainer.osgi.webapp.WebGroup                 I SRVE0169I: Loading Web Module: Liberty Project.
[3/23/20, 15:35:42:658 EDT] 00000037 com.ibm.ws.webcontainer                                      I SRVE0250I: Web Module Liberty Project has been bound to default_host.
[3/23/20, 15:35:42:658 EDT] 00000037 com.ibm.ws.http.internal.VirtualHostImpl                     A CWWKT0016I: Web application available (default_host): http://denniss-mbp:9080/
[3/23/20, 15:35:42:659 EDT] 00000037 com.ibm.ws.app.manager.AppMessageHelper                      A CWWKZ0003I: The application voidbackend updated in 0.419 seconds.
[3/23/20, 15:35:42:659 EDT] 00000059 com.ibm.ws.session.WASSessionCore                            I SESN0176I: A new session context will be created for application key default_host/
[3/23/20, 15:35:42:659 EDT] 00000059 com.ibm.ws.util                                              I SESN0172I: The session manager is using the Java default SecureRandom implementation for session ID generation.
[3/23/20, 15:35:42:676 EDT] 0000005e com.ibm.ws.webcontainer.osgi.mbeans.PluginGenerator          I SRVE9103I: A configuration file for a web server plugin was automatically generated for this server at /Users/dennismila/Desktop/backend-openliberty-demo/target/liberty/wlp/usr/servers/defaultServer/logs/state/plugin-cfg.xml.
[3/23/20, 15:36:11:435 EDT] 0000003d com.ibm.ws.http.internal.VirtualHostImpl                     A CWWKT0017I: Web application removed (default_host): http://denniss-mbp:9080/
[3/23/20, 15:36:11:444 EDT] 0000003d com.ibm.ws.app.manager.AppMessageHelper                      A CWWKZ0009I: The application voidbackend has stopped successfully.
[3/23/20, 15:36:11:452 EDT] 0000003d com.ibm.ws.app.manager.AppMessageHelper                      I CWWKZ0018I: Starting application voidbackend.
[3/23/20, 15:36:11:452 EDT] 0000003d bm.ws.app.manager.war.internal.WARDeployedAppInfoFactoryImpl I CWWKZ0134I: The voidbackend application is using the loose application definition at the /Users/dennismila/Desktop/backend-openliberty-demo/target/liberty/wlp/usr/servers/defaultServer/apps/voidbackend.war.xml location.
[3/23/20, 15:36:11:485 EDT] 0000005b com.ibm.ws.webcontainer.osgi.mbeans.PluginGenerator          I SRVE9103I: A configuration file for a web server plugin was automatically generated for this server at /Users/dennismila/Desktop/backend-openliberty-demo/target/liberty/wlp/usr/servers/defaultServer/logs/state/plugin-cfg.xml.
[3/23/20, 15:36:11:875 EDT] 0000003d com.ibm.ws.logging.internal.impl.IncidentImpl                I FFDC1015I: An FFDC Incident has been created: "java.lang.NoClassDefFoundError: UnknownUriException com.ibm.wsspi.injectionengine.MethodMap.getAllDeclaredMethods 106" at ffdc_20.03.23_15.36.11.0.log
[3/23/20, 15:36:11:880 EDT] 0000003d com.ibm.wsspi.injectionengine.MethodMap                      W CWNEN0049W: Resource annotations on the methods of the io.openliberty.guides.application.ArticleResource class will be ignored. The annotations could not be obtained because of the exception : java.lang.NoClassDefFoundError: UnknownUriException
[3/23/20, 15:36:11:986 EDT] 0000003d org.jboss.weld.Bootstrap                                     I WELD-000119: Not generating any bean definitions from io.openliberty.guides.application.ArticleResource because of underlying class loading error: Type UnknownUriException not found.  If this is unexpected, enable DEBUG logging to see the full error.
[3/23/20, 15:36:12:143 EDT] 0000003d com.ibm.ws.webcontainer.osgi.webapp.WebGroup                 I SRVE0169I: Loading Web Module: Liberty Project.
[3/23/20, 15:36:12:144 EDT] 0000003d com.ibm.ws.webcontainer                                      I SRVE0250I: Web Module Liberty Project has been bound to default_host.
[3/23/20, 15:36:12:144 EDT] 0000003d com.ibm.ws.http.internal.VirtualHostImpl                     A CWWKT0016I: Web application available (default_host): http://denniss-mbp:9080/
[3/23/20, 15:36:12:146 EDT] 00000042 com.ibm.ws.session.WASSessionCore                            I SESN0176I: A new session context will be created for application key default_host/
[3/23/20, 15:36:12:147 EDT] 00000042 com.ibm.ws.util                                              I SESN0172I: The session manager is using the Java default SecureRandom implementation for session ID generation.
[3/23/20, 15:36:12:162 EDT] 0000003d com.ibm.ws.app.manager.AppMessageHelper                      A CWWKZ0003I: The application voidbackend updated in 0.710 seconds.
[3/23/20, 15:36:12:254 EDT] 0000005a com.ibm.ws.webcontainer.osgi.mbeans.PluginGenerator          I SRVE9103I: A configuration file for a web server plugin was automatically generated for this server at /Users/dennismila/Desktop/backend-openliberty-demo/target/liberty/wlp/usr/servers/defaultServer/logs/state/plugin-cfg.xml.
[3/23/20, 15:37:21:405 EDT] 0000008a com.ibm.ws.logging.internal.impl.IncidentImpl                I FFDC1015I: An FFDC Incident has been created: "java.lang.NoClassDefFoundError: UnknownUriException com.ibm.ws.webcontainer.servlet.ServletWrapper.init 181" at ffdc_20.03.23_15.37.21.0.log
[3/23/20, 15:37:21:406 EDT] 0000008a com.ibm.ws.webcontainer.servlet                              E SRVE0271E: Uncaught init() exception created by servlet [io.openliberty.guides.application.MainApplication] in application [voidbackend]: java.lang.NoClassDefFoundError: UnknownUriException
	at java.base/java.lang.Class.getDeclaredMethods0(Native Method)
	at java.base/java.lang.Class.privateGetDeclaredMethods(Class.java:3167)
	at java.base/java.lang.Class.getDeclaredMethods(Class.java:2310)
	at org.apache.cxf.jaxrs.utils.ResourceUtils$1.run(ResourceUtils.java:143)
	at org.apache.cxf.jaxrs.utils.ResourceUtils$1.run(ResourceUtils.java:140)
	at java.base/java.security.AccessController.doPrivileged(AccessController.java:312)
	at org.apache.cxf.jaxrs.utils.ResourceUtils.getDeclaredMethods(ResourceUtils.java:140)
	at org.apache.cxf.jaxrs.utils.ResourceUtils.findPostConstructMethod(ResourceUtils.java:155)
	at org.apache.cxf.jaxrs.utils.ResourceUtils.findPostConstructMethod(ResourceUtils.java:148)
	at org.apache.cxf.jaxrs.lifecycle.PerRequestResourceProvider.<init>(PerRequestResourceProvider.java:67)
	at com.ibm.ws.jaxrs20.server.LibertyJaxRsServerFactoryBean.updateEndpointInfo(LibertyJaxRsServerFactoryBean.java:462)
	at com.ibm.ws.jaxrs20.server.LibertyJaxRsServerFactoryBean.onApplicationInit(LibertyJaxRsServerFactoryBean.java:192)
	at com.ibm.ws.jaxrs20.server.LibertyJaxRsServerFactoryBean.doInit(LibertyJaxRsServerFactoryBean.java:280)
	at com.ibm.ws.jaxrs20.server.JaxRsWebEndpointImpl.init(JaxRsWebEndpointImpl.java:66)
	at com.ibm.websphere.jaxrs.server.IBMRestServlet.init(IBMRestServlet.java:64)
	at com.ibm.ws.webcontainer.servlet.ServletWrapper.init(ServletWrapper.java:291)
	at com.ibm.ws.webcontainer.servlet.ServletWrapper.handleRequest(ServletWrapper.java:584)
	at com.ibm.ws.webcontainer.servlet.ServletWrapper.handleRequest(ServletWrapper.java:426)
	at com.ibm.ws.webcontainer.filter.WebAppFilterManager.invokeFilters(WebAppFilterManager.java:1226)
	at com.ibm.ws.webcontainer.webapp.WebApp.handleRequest(WebApp.java:5021)
	at com.ibm.ws.webcontainer.osgi.DynamicVirtualHost$2.handleRequest(DynamicVirtualHost.java:314)
	at com.ibm.ws.webcontainer.WebContainer.handleRequest(WebContainer.java:1007)
	at com.ibm.ws.webcontainer.osgi.DynamicVirtualHost$2.run(DynamicVirtualHost.java:279)
	at com.ibm.ws.http.dispatcher.internal.channel.HttpDispatcherLink$TaskWrapper.run(HttpDispatcherLink.java:1134)
	at com.ibm.ws.http.dispatcher.internal.channel.HttpDispatcherLink.wrapHandlerAndExecute(HttpDispatcherLink.java:415)
	at com.ibm.ws.http.dispatcher.internal.channel.HttpDispatcherLink.ready(HttpDispatcherLink.java:374)
	at com.ibm.ws.http.channel.internal.inbound.HttpInboundLink.handleDiscrimination(HttpInboundLink.java:548)
	at com.ibm.ws.http.channel.internal.inbound.HttpInboundLink.handleNewRequest(HttpInboundLink.java:482)
	at com.ibm.ws.http.channel.internal.inbound.HttpInboundLink.processRequest(HttpInboundLink.java:347)
	at com.ibm.ws.http.channel.internal.inbound.HttpInboundLink.ready(HttpInboundLink.java:318)
	at com.ibm.ws.tcpchannel.internal.NewConnectionInitialReadCallback.sendToDiscriminators(NewConnectionInitialReadCallback.java:167)
	at com.ibm.ws.tcpchannel.internal.NewConnectionInitialReadCallback.complete(NewConnectionInitialReadCallback.java:75)
	at com.ibm.ws.tcpchannel.internal.WorkQueueManager.requestComplete(WorkQueueManager.java:504)
	at com.ibm.ws.tcpchannel.internal.WorkQueueManager.attemptIO(WorkQueueManager.java:574)
	at com.ibm.ws.tcpchannel.internal.WorkQueueManager.workerRun(WorkQueueManager.java:958)
	at com.ibm.ws.tcpchannel.internal.WorkQueueManager$Worker.run(WorkQueueManager.java:1047)
	at com.ibm.ws.threading.internal.ExecutorServiceImpl$RunnableWrapper.run(ExecutorServiceImpl.java:239)
	at java.base/java.util.concurrent.ThreadPoolExecutor.runWorker(ThreadPoolExecutor.java:1128)
	at java.base/java.util.concurrent.ThreadPoolExecutor$Worker.run(ThreadPoolExecutor.java:628)
	at java.base/java.lang.Thread.run(Thread.java:830)

[3/23/20, 15:37:21:446 EDT] 0000008a com.ibm.ws.logging.internal.impl.IncidentImpl                I FFDC1015I: An FFDC Incident has been created: "javax.servlet.ServletException: SRVE0207E: Uncaught initialization exception created by servlet com.ibm.ws.webcontainer.filter.WebAppFilterManager.invokeFilters 1064" at ffdc_20.03.23_15.37.21.1.log
[3/23/20, 15:37:21:447 EDT] 0000008a com.ibm.ws.webcontainer.webapp                               E SRVE0315E: An exception occurred: java.lang.Throwable: javax.servlet.ServletException: SRVE0207E: Uncaught initialization exception created by servlet
	at com.ibm.ws.webcontainer.webapp.WebApp.handleRequest(WebApp.java:5079)
	at com.ibm.ws.webcontainer.osgi.DynamicVirtualHost$2.handleRequest(DynamicVirtualHost.java:314)
	at com.ibm.ws.webcontainer.WebContainer.handleRequest(WebContainer.java:1007)
	at com.ibm.ws.webcontainer.osgi.DynamicVirtualHost$2.run(DynamicVirtualHost.java:279)
	at com.ibm.ws.http.dispatcher.internal.channel.HttpDispatcherLink$TaskWrapper.run(HttpDispatcherLink.java:1134)
	at com.ibm.ws.http.dispatcher.internal.channel.HttpDispatcherLink.wrapHandlerAndExecute(HttpDispatcherLink.java:415)
	at com.ibm.ws.http.dispatcher.internal.channel.HttpDispatcherLink.ready(HttpDispatcherLink.java:374)
	at com.ibm.ws.http.channel.internal.inbound.HttpInboundLink.handleDiscrimination(HttpInboundLink.java:548)
	at com.ibm.ws.http.channel.internal.inbound.HttpInboundLink.handleNewRequest(HttpInboundLink.java:482)
	at com.ibm.ws.http.channel.internal.inbound.HttpInboundLink.processRequest(HttpInboundLink.java:347)
	at com.ibm.ws.http.channel.internal.inbound.HttpInboundLink.ready(HttpInboundLink.java:318)
	at com.ibm.ws.tcpchannel.internal.NewConnectionInitialReadCallback.sendToDiscriminators(NewConnectionInitialReadCallback.java:167)
	at com.ibm.ws.tcpchannel.internal.NewConnectionInitialReadCallback.complete(NewConnectionInitialReadCallback.java:75)
	at com.ibm.ws.tcpchannel.internal.WorkQueueManager.requestComplete(WorkQueueManager.java:504)
	at com.ibm.ws.tcpchannel.internal.WorkQueueManager.attemptIO(WorkQueueManager.java:574)
	at com.ibm.ws.tcpchannel.internal.WorkQueueManager.workerRun(WorkQueueManager.java:958)
	at com.ibm.ws.tcpchannel.internal.WorkQueueManager$Worker.run(WorkQueueManager.java:1047)
	at com.ibm.ws.threading.internal.ExecutorServiceImpl$RunnableWrapper.run(ExecutorServiceImpl.java:239)
	at java.base/java.util.concurrent.ThreadPoolExecutor.runWorker(ThreadPoolExecutor.java:1128)
	at java.base/java.util.concurrent.ThreadPoolExecutor$Worker.run(ThreadPoolExecutor.java:628)
	at java.base/java.lang.Thread.run(Thread.java:830)
Caused by: javax.servlet.ServletException: SRVE0207E: Uncaught initialization exception created by servlet
	at com.ibm.ws.webcontainer.servlet.ServletWrapper.init(ServletWrapper.java:360)
	at com.ibm.ws.webcontainer.servlet.ServletWrapper.handleRequest(ServletWrapper.java:584)
	at com.ibm.ws.webcontainer.servlet.ServletWrapper.handleRequest(ServletWrapper.java:426)
	at com.ibm.ws.webcontainer.filter.WebAppFilterManager.invokeFilters(WebAppFilterManager.java:1226)
	at com.ibm.ws.webcontainer.webapp.WebApp.handleRequest(WebApp.java:5021)
	... 20 more
Caused by: java.lang.NoClassDefFoundError: UnknownUriException
	at java.base/java.lang.Class.getDeclaredMethods0(Native Method)
	at java.base/java.lang.Class.privateGetDeclaredMethods(Class.java:3167)
	at java.base/java.lang.Class.getDeclaredMethods(Class.java:2310)
	at org.apache.cxf.jaxrs.utils.ResourceUtils$1.run(ResourceUtils.java:143)
	at org.apache.cxf.jaxrs.utils.ResourceUtils$1.run(ResourceUtils.java:140)
	at java.base/java.security.AccessController.doPrivileged(AccessController.java:312)
	at org.apache.cxf.jaxrs.utils.ResourceUtils.getDeclaredMethods(ResourceUtils.java:140)
	at org.apache.cxf.jaxrs.utils.ResourceUtils.findPostConstructMethod(ResourceUtils.java:155)
	at org.apache.cxf.jaxrs.utils.ResourceUtils.findPostConstructMethod(ResourceUtils.java:148)
	at org.apache.cxf.jaxrs.lifecycle.PerRequestResourceProvider.<init>(PerRequestResourceProvider.java:67)
	at com.ibm.ws.jaxrs20.server.LibertyJaxRsServerFactoryBean.updateEndpointInfo(LibertyJaxRsServerFactoryBean.java:462)
	at com.ibm.ws.jaxrs20.server.LibertyJaxRsServerFactoryBean.onApplicationInit(LibertyJaxRsServerFactoryBean.java:192)
	at com.ibm.ws.jaxrs20.server.LibertyJaxRsServerFactoryBean.doInit(LibertyJaxRsServerFactoryBean.java:280)
	at com.ibm.ws.jaxrs20.server.JaxRsWebEndpointImpl.init(JaxRsWebEndpointImpl.java:66)
	at com.ibm.websphere.jaxrs.server.IBMRestServlet.init(IBMRestServlet.java:64)
	at com.ibm.ws.webcontainer.servlet.ServletWrapper.init(ServletWrapper.java:291)
	... 24 more

[3/23/20, 15:37:31:793 EDT] 00000014 com.ibm.ws.kernel.launch.internal.FrameworkManager           A CWWKE0085I: The server defaultServer is stopping because the JVM is exiting.
[3/23/20, 15:37:31:797 EDT] 0000009f com.ibm.ws.runtime.update.internal.RuntimeUpdateManagerImpl  A CWWKE1100I: Waiting for up to 30 seconds for the server to quiesce.
[3/23/20, 15:37:31:804 EDT] 00000031 com.ibm.ws.tcpchannel.internal.TCPChannel                    I CWWKO0220I: TCP Channel defaultHttpEndpoint has stopped listening for requests on host *  (IPv6) port 9080.
[3/23/20, 15:37:31:806 EDT] 00000031 com.ibm.ws.http.internal.VirtualHostImpl                     A CWWKT0017I: Web application removed (default_host): http://denniss-mbp:9080/
[3/23/20, 15:37:32:061 EDT] 00000015 com.ibm.ws.kernel.launch.internal.ServerCommandListener      A CWWKE0055I: Server shutdown requested on Monday, March 23, 2020 at 3:37 PM. The server defaultServer is shutting down.
[3/23/20, 15:37:32:815 EDT] 0000009f com.ibm.ws.runtime.update.internal.RuntimeUpdateManagerImpl  I CWWKE1101I: Server quiesce complete.
[3/23/20, 15:37:32:838 EDT] 0000003e com.ibm.ws.app.manager.AppMessageHelper                      A CWWKZ0009I: The application voidbackend has stopped successfully.
[3/23/20, 15:37:33:189 EDT] 00000001 com.ibm.ws.kernel.launch.internal.FrameworkManager           A CWWKE0036I: The server defaultServer stopped after 4 minutes, 2.918 seconds.
