********************************************************************************
product = Open Liberty 20.0.0.3 (wlp-1.0.38.cl200320200305-1433)
wlp.install.dir = /Users/dilloncarns/Projects/backend-openliberty-demo/target/liberty/wlp/
java.home = /Library/Java/JavaVirtualMachines/jdk-11.0.5.jdk/Contents/Home
java.version = 11.0.5
java.runtime = Java(TM) SE Runtime Environment (11.0.5+10-LTS)
os = Mac OS X (10.15.3; x86_64) (en_US)
process = 6060@DILLONs-MBP
********************************************************************************
[3/31/20, 15:48:01:013 EDT] 00000001 com.ibm.ws.kernel.launch.internal.FrameworkManager           A CWWKE0001I: The server defaultServer has been launched.
[3/31/20, 15:48:01:646 EDT] 00000018 com.ibm.ws.config.xml.internal.ServerXMLConfiguration        A CWWKG0093A: Processing configuration drop-ins resource: /Users/dilloncarns/Projects/backend-openliberty-demo/target/liberty/wlp/usr/servers/defaultServer/configDropins/overrides/liberty-plugin-variable-config.xml
[3/31/20, 15:48:01:846 EDT] 00000001 com.ibm.ws.kernel.launch.internal.FrameworkManager           I CWWKE0002I: The kernel started after 1.07 seconds
[3/31/20, 15:48:01:871 EDT] 00000023 com.ibm.ws.kernel.feature.internal.FeatureManager            I CWWKF0007I: Feature update started.
[3/31/20, 15:48:02:623 EDT] 00000019 .apache.cxf.cxf.core.3.2:1.0.38.cl200320200305-1433(id=132)] I Aries Blueprint packages not available. So namespaces will not be registered
[3/31/20, 15:48:02:626 EDT] 00000019 .apache.cxf.cxf.core.3.2:1.0.38.cl200320200305-1433(id=132)] I Aries Blueprint packages not available. So namespaces will not be registered
[3/31/20, 15:48:02:705 EDT] 0000001b com.ibm.ws.app.manager.internal.monitor.DropinMonitor        A CWWKZ0058I: Monitoring dropins for applications.
[3/31/20, 15:48:02:779 EDT] 00000018 com.ibm.ws.annocache.service                                 I OSGi Work Path [ /Users/dilloncarns/Projects/backend-openliberty-demo/target/liberty/wlp/usr/servers/defaultServer/workarea/org.eclipse.osgi/41/data ]
[3/31/20, 15:48:03:201 EDT] 0000002c com.ibm.ws.app.manager.AppMessageHelper                      I CWWKZ0018I: Starting application voidbackend.
[3/31/20, 15:48:03:202 EDT] 0000002c bm.ws.app.manager.war.internal.WARDeployedAppInfoFactoryImpl I CWWKZ0134I: The voidbackend application is using the loose application definition at the /Users/dilloncarns/Projects/backend-openliberty-demo/target/liberty/wlp/usr/servers/defaultServer/apps/voidbackend.war.xml location.
[3/31/20, 15:48:04:227 EDT] 0000002c com.ibm.ws.session.WASSessionCore                            I SESN8501I: The session manager did not find a persistent storage location; HttpSession objects will be stored in the local application server's memory.
[3/31/20, 15:48:04:258 EDT] 0000002c org.jboss.weld.Version                                       I WELD-000900: 3.1.1 (Final)
[3/31/20, 15:48:05:532 EDT] 0000002c com.ibm.ws.webcontainer.osgi.webapp.WebGroup                 I SRVE0169I: Loading Web Module: Liberty Project.
[3/31/20, 15:48:05:535 EDT] 0000002c com.ibm.ws.webcontainer                                      I SRVE0250I: Web Module Liberty Project has been bound to default_host.
[3/31/20, 15:48:05:536 EDT] 0000002c com.ibm.ws.http.internal.VirtualHostImpl                     A CWWKT0016I: Web application available (default_host): http://dillons-mbp:9080/
[3/31/20, 15:48:05:540 EDT] 0000002c com.ibm.ws.app.manager.AppMessageHelper                      A CWWKZ0001I: Application voidbackend started in 2.339 seconds.
[3/31/20, 15:48:05:558 EDT] 00000023 com.ibm.ws.tcpchannel.internal.TCPPort                       I CWWKO0219I: TCP Channel defaultHttpEndpoint has been started and is now listening for requests on host *  (IPv6) port 9080.
[3/31/20, 15:48:05:561 EDT] 00000034 com.ibm.ws.session.WASSessionCore                            I SESN0176I: A new session context will be created for application key default_host/
[3/31/20, 15:48:05:573 EDT] 00000034 com.ibm.ws.util                                              I SESN0172I: The session manager is using the Java default SecureRandom implementation for session ID generation.
[3/31/20, 15:48:05:586 EDT] 00000023 com.ibm.ws.kernel.feature.internal.FeatureManager            A CWWKF0012I: The server installed the following features: [cdi-2.0, jaxrs-2.1, jaxrsClient-2.1, jndi-1.0, jsonp-1.1, mpConfig-1.3, mpRestClient-1.3, servlet-4.0].
[3/31/20, 15:48:05:586 EDT] 00000023 com.ibm.ws.kernel.feature.internal.FeatureManager            I CWWKF0008I: Feature update completed in 3.743 seconds.
[3/31/20, 15:48:05:587 EDT] 00000023 com.ibm.ws.kernel.feature.internal.FeatureManager            A CWWKF0011I: The defaultServer server is ready to run a smarter planet. The defaultServer server started in 4.813 seconds.
[3/31/20, 15:48:05:913 EDT] 00000035 com.ibm.ws.webcontainer.osgi.mbeans.PluginGenerator          I SRVE9103I: A configuration file for a web server plugin was automatically generated for this server at /Users/dilloncarns/Projects/backend-openliberty-demo/target/liberty/wlp/usr/servers/defaultServer/logs/state/plugin-cfg.xml.
[3/31/20, 15:48:08:322 EDT] 00000026 com.ibm.ws.http.internal.VirtualHostImpl                     A CWWKT0017I: Web application removed (default_host): http://dillons-mbp:9080/
[3/31/20, 15:48:08:363 EDT] 00000026 com.ibm.ws.app.manager.AppMessageHelper                      A CWWKZ0009I: The application voidbackend has stopped successfully.
[3/31/20, 15:48:08:370 EDT] 00000026 com.ibm.ws.app.manager.AppMessageHelper                      I CWWKZ0018I: Starting application voidbackend.
[3/31/20, 15:48:08:371 EDT] 00000026 bm.ws.app.manager.war.internal.WARDeployedAppInfoFactoryImpl I CWWKZ0134I: The voidbackend application is using the loose application definition at the /Users/dilloncarns/Projects/backend-openliberty-demo/target/liberty/wlp/usr/servers/defaultServer/apps/voidbackend.war.xml location.
[3/31/20, 15:48:08:378 EDT] 0000003e com.ibm.ws.webcontainer.osgi.mbeans.PluginGenerator          I SRVE9103I: A configuration file for a web server plugin was automatically generated for this server at /Users/dilloncarns/Projects/backend-openliberty-demo/target/liberty/wlp/usr/servers/defaultServer/logs/state/plugin-cfg.xml.
[3/31/20, 15:48:08:760 EDT] 00000026 com.ibm.ws.webcontainer.osgi.webapp.WebGroup                 I SRVE0169I: Loading Web Module: Liberty Project.
[3/31/20, 15:48:08:760 EDT] 00000026 com.ibm.ws.webcontainer                                      I SRVE0250I: Web Module Liberty Project has been bound to default_host.
[3/31/20, 15:48:08:760 EDT] 00000026 com.ibm.ws.http.internal.VirtualHostImpl                     A CWWKT0016I: Web application available (default_host): http://dillons-mbp:9080/
[3/31/20, 15:48:08:762 EDT] 0000003c com.ibm.ws.session.WASSessionCore                            I SESN0176I: A new session context will be created for application key default_host/
[3/31/20, 15:48:08:762 EDT] 0000003c com.ibm.ws.util                                              I SESN0172I: The session manager is using the Java default SecureRandom implementation for session ID generation.
[3/31/20, 15:48:08:762 EDT] 00000026 com.ibm.ws.app.manager.AppMessageHelper                      A CWWKZ0003I: The application voidbackend updated in 0.392 seconds.
[3/31/20, 15:48:08:778 EDT] 00000033 com.ibm.ws.webcontainer.osgi.mbeans.PluginGenerator          I SRVE9103I: A configuration file for a web server plugin was automatically generated for this server at /Users/dilloncarns/Projects/backend-openliberty-demo/target/liberty/wlp/usr/servers/defaultServer/logs/state/plugin-cfg.xml.
[3/31/20, 15:48:17:719 EDT] 00000014 com.ibm.ws.kernel.launch.internal.FrameworkManager           A CWWKE0085I: The server defaultServer is stopping because the JVM is exiting.
[3/31/20, 15:48:17:721 EDT] 00000066 com.ibm.ws.runtime.update.internal.RuntimeUpdateManagerImpl  A CWWKE1100I: Waiting for up to 30 seconds for the server to quiesce.
[3/31/20, 15:48:17:731 EDT] 00000064 com.ibm.ws.tcpchannel.internal.TCPChannel                    I CWWKO0220I: TCP Channel defaultHttpEndpoint has stopped listening for requests on host *  (IPv6) port 9080.
[3/31/20, 15:48:17:732 EDT] 00000064 com.ibm.ws.http.internal.VirtualHostImpl                     A CWWKT0017I: Web application removed (default_host): http://dillons-mbp:9080/
[3/31/20, 15:48:18:046 EDT] 00000015 com.ibm.ws.kernel.launch.internal.ServerCommandListener      A CWWKE0055I: Server shutdown requested on Tuesday, March 31, 2020 at 3:48 PM. The server defaultServer is shutting down.
[3/31/20, 15:48:18:739 EDT] 00000066 com.ibm.ws.runtime.update.internal.RuntimeUpdateManagerImpl  I CWWKE1101I: Server quiesce complete.
[3/31/20, 15:48:18:762 EDT] 00000040 com.ibm.ws.app.manager.AppMessageHelper                      A CWWKZ0009I: The application voidbackend has stopped successfully.
[3/31/20, 15:48:19:090 EDT] 00000001 com.ibm.ws.kernel.launch.internal.FrameworkManager           A CWWKE0036I: The server defaultServer stopped after 18.316 seconds.
